2023-11-30 10:18:32,249 [INFO] Activator:177 - 


2023-11-30 10:18:32,250 [INFO] Activator:178 - !SESSION log4j initialized
2023-11-30 10:18:41,176 [INFO] McuFinderGlobals:39 - Set McuFinder mode to 2 (CubeIDE integrated)
2023-11-30 10:18:41,271 [INFO] ApplicationProperties:181 - Using Application install path: C:\ST\STM32CubeIDE_1.7.0\STM32CubeIDE\plugins\com.st.stm32cube.common.mx_6.3.0.202107141111
2023-11-30 10:18:41,279 [INFO] DbMcusXml:74 - Set database path to: C:\ST\STM32CubeIDE_1.7.0\STM32CubeIDE\plugins\com.st.stm32cube.common.mx_6.3.0.202107141111\\db\/mcu/
2023-11-30 10:18:41,282 [INFO] DbBoardsPdsc:56 - Set plugin database path to: C:\ST\STM32CubeIDE_1.7.0\STM32CubeIDE\plugins\com.st.stm32cube.common.mx_6.3.0.202107141111\\db\/plugins/boardmanager/
2023-11-30 10:18:41,283 [INFO] DbMcus:258 - Set plugin images path to: C:\ST\STM32CubeIDE_1.7.0\STM32CubeIDE\plugins\com.st.stm32cube.common.mx_6.3.0.202107141111\\db\/plugins/mcufinder/images/
2023-11-30 10:18:41,283 [INFO] DbBoards:264 - Set plugin images path to: C:\ST\STM32CubeIDE_1.7.0\STM32CubeIDE\plugins\com.st.stm32cube.common.mx_6.3.0.202107141111\\db\/plugins/mcufinder/images/
2023-11-30 10:18:41,285 [INFO] DbExamples:333 - Set plugin images path to: C:\ST\STM32CubeIDE_1.7.0\STM32CubeIDE\plugins\com.st.stm32cube.common.mx_6.3.0.202107141111\\db\/plugins/mcufinder/images/
2023-11-30 10:18:41,289 [INFO] DbMcusAds:119 - Set database path to: C:\Users\Windows\.stmcufinder\plugins\mcufinder//mcu/
2023-11-30 10:18:41,289 [INFO] DbMcusDocs:110 - Set database path to: C:\Users\Windows\.stmcufinder\plugins\mcufinder//mcu/
2023-11-30 10:18:41,291 [INFO] DbMcusJson:64 - Set database path to: C:\Users\Windows\.stmcufinder\plugins\mcufinder//mcu/
2023-11-30 10:18:41,291 [INFO] DbBoardsDocs:110 - Set database path to: C:\Users\Windows\.stmcufinder\plugins\mcufinder//mcu/
2023-11-30 10:18:41,291 [INFO] DbBoardsJson:57 - Set database path to: C:\Users\Windows\.stmcufinder\plugins\mcufinder//mcu/
2023-11-30 10:18:41,294 [INFO] CrossReferenceDbSqlite:196 - Set database path to: C:\Users\Windows\.stmcufinder\plugins\mcufinder//mcu/cs/
2023-11-30 10:18:41,296 [INFO] DbExamplesSqlite:767 - Set database path to: C:\Users\Windows\.stmcufinder\plugins\mcufinder//mcu/
2023-11-30 10:18:41,360 [INFO] RulesReader:57 - Compatibility file has been processed (242 Rules)
2023-11-30 10:18:41,423 [INFO] DbMcusXml:74 - Set database path to: C:\ST\STM32CubeIDE_1.7.0\STM32CubeIDE\plugins\com.st.stm32cube.common.mx_6.3.0.202107141111\\db\/mcu/
2023-11-30 10:18:41,424 [INFO] DbBoardsPdsc:56 - Set plugin database path to: C:\ST\STM32CubeIDE_1.7.0\STM32CubeIDE\plugins\com.st.stm32cube.common.mx_6.3.0.202107141111\\db\/plugins/boardmanager/
2023-11-30 10:18:41,424 [INFO] DbMcus:258 - Set plugin images path to: C:\ST\STM32CubeIDE_1.7.0\STM32CubeIDE\plugins\com.st.stm32cube.common.mx_6.3.0.202107141111\\db\/plugins/mcufinder/images/
2023-11-30 10:18:41,424 [INFO] DbBoards:264 - Set plugin images path to: C:\ST\STM32CubeIDE_1.7.0\STM32CubeIDE\plugins\com.st.stm32cube.common.mx_6.3.0.202107141111\\db\/plugins/mcufinder/images/
2023-11-30 10:18:41,424 [INFO] DbExamples:333 - Set plugin images path to: C:\ST\STM32CubeIDE_1.7.0\STM32CubeIDE\plugins\com.st.stm32cube.common.mx_6.3.0.202107141111\\db\/plugins/mcufinder/images/
2023-11-30 10:18:41,424 [WARN] DbFile:35 - Overriding database path with different value: C:\Users\Windows\.stmcufinder\plugins\mcufinder/ => C:\Users\Windows\.stmcufinder\plugins\mcufinder
2023-11-30 10:18:41,424 [INFO] DbMcusAds:119 - Set database path to: C:\Users\Windows\.stmcufinder\plugins\mcufinder//mcu/
2023-11-30 10:18:41,424 [WARN] DbFile:35 - Overriding database path with different value: C:\Users\Windows\.stmcufinder\plugins\mcufinder/ => C:\Users\Windows\.stmcufinder\plugins\mcufinder
2023-11-30 10:18:41,425 [INFO] DbMcusDocs:110 - Set database path to: C:\Users\Windows\.stmcufinder\plugins\mcufinder//mcu/
2023-11-30 10:18:41,425 [WARN] DbFile:35 - Overriding database path with different value: C:\Users\Windows\.stmcufinder\plugins\mcufinder/ => C:\Users\Windows\.stmcufinder\plugins\mcufinder
2023-11-30 10:18:41,425 [INFO] DbMcusJson:64 - Set database path to: C:\Users\Windows\.stmcufinder\plugins\mcufinder//mcu/
2023-11-30 10:18:41,425 [WARN] DbFile:35 - Overriding database path with different value: C:\Users\Windows\.stmcufinder\plugins\mcufinder/ => C:\Users\Windows\.stmcufinder\plugins\mcufinder
2023-11-30 10:18:41,425 [INFO] DbBoardsDocs:110 - Set database path to: C:\Users\Windows\.stmcufinder\plugins\mcufinder//mcu/
2023-11-30 10:18:41,425 [WARN] DbFile:35 - Overriding database path with different value: C:\Users\Windows\.stmcufinder\plugins\mcufinder/ => C:\Users\Windows\.stmcufinder\plugins\mcufinder
2023-11-30 10:18:41,425 [INFO] DbBoardsJson:57 - Set database path to: C:\Users\Windows\.stmcufinder\plugins\mcufinder//mcu/
2023-11-30 10:18:41,425 [WARN] DbFile:35 - Overriding database path with different value: C:\Users\Windows\.stmcufinder\plugins\mcufinder/ => C:\Users\Windows\.stmcufinder\plugins\mcufinder
2023-11-30 10:18:41,425 [WARN] DbFile:35 - Overriding database path with different value: C:\Users\Windows\.stmcufinder\plugins\mcufinder/ => C:\Users\Windows\.stmcufinder\plugins\mcufinder
2023-11-30 10:18:41,425 [INFO] CrossReferenceDbSqlite:196 - Set database path to: C:\Users\Windows\.stmcufinder\plugins\mcufinder//mcu/cs/
2023-11-30 10:18:41,425 [WARN] DbFile:35 - Overriding database path with different value: C:\Users\Windows\.stmcufinder\plugins\mcufinder/ => C:\Users\Windows\.stmcufinder\plugins\mcufinder
2023-11-30 10:18:41,425 [INFO] DbExamplesSqlite:767 - Set database path to: C:\Users\Windows\.stmcufinder\plugins\mcufinder//mcu/
2023-11-30 10:18:41,471 [INFO] MainPanel:214 - HeapMemory: 268435456
2023-11-30 10:18:41,520 [INFO] DbMcusXml:74 - Set database path to: C:\ST\STM32CubeIDE_1.7.0\STM32CubeIDE\plugins\com.st.stm32cube.common.mx_6.3.0.202107141111\\db\/mcu/
2023-11-30 10:18:41,521 [INFO] DbBoardsPdsc:56 - Set plugin database path to: C:\ST\STM32CubeIDE_1.7.0\STM32CubeIDE\plugins\com.st.stm32cube.common.mx_6.3.0.202107141111\\db\/plugins/boardmanager/
2023-11-30 10:18:41,521 [INFO] DbMcus:258 - Set plugin images path to: C:\ST\STM32CubeIDE_1.7.0\STM32CubeIDE\plugins\com.st.stm32cube.common.mx_6.3.0.202107141111\\db\/plugins/mcufinder/images/
2023-11-30 10:18:41,521 [INFO] DbBoards:264 - Set plugin images path to: C:\ST\STM32CubeIDE_1.7.0\STM32CubeIDE\plugins\com.st.stm32cube.common.mx_6.3.0.202107141111\\db\/plugins/mcufinder/images/
2023-11-30 10:18:41,521 [INFO] DbExamples:333 - Set plugin images path to: C:\ST\STM32CubeIDE_1.7.0\STM32CubeIDE\plugins\com.st.stm32cube.common.mx_6.3.0.202107141111\\db\/plugins/mcufinder/images/
2023-11-30 10:18:41,521 [WARN] DbFile:35 - Overriding database path with different value: C:\Users\Windows\.stmcufinder\plugins\mcufinder/ => C:\Users\Windows\.stmcufinder\plugins\mcufinder
2023-11-30 10:18:41,521 [INFO] DbMcusAds:119 - Set database path to: C:\Users\Windows\.stmcufinder\plugins\mcufinder//mcu/
2023-11-30 10:18:41,521 [WARN] DbFile:35 - Overriding database path with different value: C:\Users\Windows\.stmcufinder\plugins\mcufinder/ => C:\Users\Windows\.stmcufinder\plugins\mcufinder
2023-11-30 10:18:41,521 [INFO] DbMcusDocs:110 - Set database path to: C:\Users\Windows\.stmcufinder\plugins\mcufinder//mcu/
2023-11-30 10:18:41,521 [WARN] DbFile:35 - Overriding database path with different value: C:\Users\Windows\.stmcufinder\plugins\mcufinder/ => C:\Users\Windows\.stmcufinder\plugins\mcufinder
2023-11-30 10:18:41,521 [INFO] DbMcusJson:64 - Set database path to: C:\Users\Windows\.stmcufinder\plugins\mcufinder//mcu/
2023-11-30 10:18:41,521 [WARN] DbFile:35 - Overriding database path with different value: C:\Users\Windows\.stmcufinder\plugins\mcufinder/ => C:\Users\Windows\.stmcufinder\plugins\mcufinder
2023-11-30 10:18:41,521 [INFO] DbBoardsDocs:110 - Set database path to: C:\Users\Windows\.stmcufinder\plugins\mcufinder//mcu/
2023-11-30 10:18:41,521 [WARN] DbFile:35 - Overriding database path with different value: C:\Users\Windows\.stmcufinder\plugins\mcufinder/ => C:\Users\Windows\.stmcufinder\plugins\mcufinder
2023-11-30 10:18:41,522 [INFO] DbBoardsJson:57 - Set database path to: C:\Users\Windows\.stmcufinder\plugins\mcufinder//mcu/
2023-11-30 10:18:41,522 [WARN] DbFile:35 - Overriding database path with different value: C:\Users\Windows\.stmcufinder\plugins\mcufinder/ => C:\Users\Windows\.stmcufinder\plugins\mcufinder
2023-11-30 10:18:41,522 [WARN] DbFile:35 - Overriding database path with different value: C:\Users\Windows\.stmcufinder\plugins\mcufinder/ => C:\Users\Windows\.stmcufinder\plugins\mcufinder
2023-11-30 10:18:41,522 [INFO] CrossReferenceDbSqlite:196 - Set database path to: C:\Users\Windows\.stmcufinder\plugins\mcufinder//mcu/cs/
2023-11-30 10:18:41,522 [WARN] DbFile:35 - Overriding database path with different value: C:\Users\Windows\.stmcufinder\plugins\mcufinder/ => C:\Users\Windows\.stmcufinder\plugins\mcufinder
2023-11-30 10:18:41,522 [INFO] DbExamplesSqlite:767 - Set database path to: C:\Users\Windows\.stmcufinder\plugins\mcufinder//mcu/
2023-11-30 10:18:41,537 [INFO] ApplicationProperties:181 - Using Application install path: C:\ST\STM32CubeIDE_1.7.0\STM32CubeIDE\plugins\com.st.stm32cube.common.mx_6.3.0.202107141111
2023-11-30 10:18:41,538 [INFO] PluginManage:188 - Search for loadable plugins [exclusion list=, ]
2023-11-30 10:18:41,539 [INFO] PluginManage:302 - Check plugin analytics
2023-11-30 10:18:41,638 [INFO] AnalyticsPlugin:257 - Accepted Software Licenses: 
2023-11-30 10:18:41,639 [INFO] AnalyticsPlugin:259 - Accepted CMSIS Pack Licenses: 
2023-11-30 10:18:41,639 [INFO] AnalyticsPlugin:261 - Accepted Firmware Licenses: 
2023-11-30 10:18:41,639 [INFO] PluginManage:352 - Loaded plugin analytics (category:tool,tabindex:-1)
2023-11-30 10:18:41,639 [INFO] PluginManage:302 - Check plugin clock
2023-11-30 10:18:41,648 [INFO] PluginManage:352 - Loaded plugin clock (category:base,tabindex:2)
2023-11-30 10:18:41,648 [INFO] PluginManage:302 - Check plugin ddr
2023-11-30 10:18:41,650 [INFO] PluginManage:352 - Loaded plugin ddr (category:tool,tabindex:6)
2023-11-30 10:18:41,650 [INFO] PluginManage:302 - Check plugin filemanager
2023-11-30 10:18:41,741 [INFO] PluginManage:352 - Loaded plugin filemanager (category:base,tabindex:10)
2023-11-30 10:18:41,741 [INFO] PluginManage:302 - Check plugin ipmanager
2023-11-30 10:18:41,747 [INFO] PluginManage:352 - Loaded plugin ipmanager (category:base,tabindex:5)
2023-11-30 10:18:41,748 [INFO] PluginManage:302 - Check plugin pinoutandconfiguration
2023-11-30 10:18:41,754 [INFO] PluginManage:352 - Loaded plugin pinoutandconfiguration (category:base,tabindex:1)
2023-11-30 10:18:41,754 [INFO] PluginManage:302 - Check plugin pinoutconfig
2023-11-30 10:18:41,774 [INFO] PluginManage:352 - Loaded plugin pinoutconfig (category:base,tabindex:0)
2023-11-30 10:18:41,774 [INFO] PluginManage:302 - Check plugin power
2023-11-30 10:18:41,780 [INFO] PluginManage:352 - Loaded plugin power (category:power,tabindex:4)
2023-11-30 10:18:41,781 [INFO] PluginManage:302 - Check plugin projectmanager
2023-11-30 10:18:41,796 [INFO] PluginManage:352 - Loaded plugin projectmanager (category:projectmanager,tabindex:3)
2023-11-30 10:18:41,797 [INFO] PluginManage:302 - Check plugin thirdparty
2023-11-30 10:18:41,899 [INFO] PluginManage:352 - Loaded plugin thirdparty (category:base,tabindex:-1)
2023-11-30 10:18:41,899 [INFO] PluginManage:302 - Check plugin tools
2023-11-30 10:18:41,900 [WARN] IntegrityCheckThread:78 - waiting for thirdparty lock release [integrity check]
2023-11-30 10:18:41,901 [INFO] IntegrityCheckThread:80 - entering critical section [integrity check]
2023-11-30 10:18:41,901 [INFO] ThirdPartyUpdaterWithRetryManager:66 - Updater plugin not ready yet. [1/15]
2023-11-30 10:18:41,902 [INFO] PluginManage:352 - Loaded plugin tools (category:base,tabindex:7)
2023-11-30 10:18:41,902 [INFO] PluginManage:302 - Check plugin tutovideos
2023-11-30 10:18:42,043 [INFO] PluginManage:352 - Loaded plugin tutovideos (category:base,tabindex:-1)
2023-11-30 10:18:42,043 [INFO] PluginManage:302 - Check plugin updater
2023-11-30 10:18:42,056 [INFO] PluginManage:352 - Loaded plugin updater (category:base,tabindex:12)
2023-11-30 10:18:42,056 [INFO] PluginManage:275 - PluginManage : Loaded plugins [13]
2023-11-30 10:18:42,185 [INFO] PinOutPanel:1463 - setPackage(No Configuration,No Configuration)
2023-11-30 10:18:42,253 [INFO] IPUIPlugin:74 - create IPUIPlugin
2023-11-30 10:18:42,253 [INFO] PluginManager:213 - loadIPPluginJar : add adc
2023-11-30 10:18:42,255 [INFO] IPUIPlugin:74 - create IPUIPlugin
2023-11-30 10:18:42,255 [INFO] PluginManager:213 - loadIPPluginJar : add aes
2023-11-30 10:18:42,258 [INFO] IPUIPlugin:74 - create IPUIPlugin
2023-11-30 10:18:42,258 [INFO] PluginManager:213 - loadIPPluginJar : add can
2023-11-30 10:18:42,259 [INFO] IPUIPlugin:74 - create IPUIPlugin
2023-11-30 10:18:42,259 [INFO] PluginManager:213 - loadIPPluginJar : add comp
2023-11-30 10:18:42,261 [INFO] IPUIPlugin:74 - create IPUIPlugin
2023-11-30 10:18:42,261 [INFO] PluginManager:213 - loadIPPluginJar : add cryp
2023-11-30 10:18:42,262 [INFO] IPUIPlugin:74 - create IPUIPlugin
2023-11-30 10:18:42,262 [INFO] PluginManager:213 - loadIPPluginJar : add dfsdm
2023-11-30 10:18:42,266 [INFO] IPUIPlugin:74 - create IPUIPlugin
2023-11-30 10:18:42,267 [INFO] PluginManager:213 - loadIPPluginJar : add dma
2023-11-30 10:18:42,268 [INFO] IPUIPlugin:74 - create IPUIPlugin
2023-11-30 10:18:42,268 [INFO] PluginManager:213 - loadIPPluginJar : add dma3
2023-11-30 10:18:42,269 [INFO] IPUIPlugin:74 - create IPUIPlugin
2023-11-30 10:18:42,269 [INFO] PluginManager:213 - loadIPPluginJar : add fatfs
2023-11-30 10:18:42,273 [INFO] IPUIPlugin:74 - create IPUIPlugin
2023-11-30 10:18:42,273 [INFO] PluginManager:213 - loadIPPluginJar : add fmc
2023-11-30 10:18:42,277 [INFO] IPUIPlugin:74 - create IPUIPlugin
2023-11-30 10:18:42,277 [INFO] PluginManager:213 - loadIPPluginJar : add freertos
2023-11-30 10:18:42,278 [INFO] IPUIPlugin:74 - create IPUIPlugin
2023-11-30 10:18:42,278 [INFO] PluginManager:213 - loadIPPluginJar : add genericplugin
2023-11-30 10:18:42,279 [INFO] IPUIPlugin:74 - create IPUIPlugin
2023-11-30 10:18:42,280 [INFO] PluginManager:213 - loadIPPluginJar : add gfxmmu
2023-11-30 10:18:42,283 [INFO] IPUIPlugin:74 - create IPUIPlugin
2023-11-30 10:18:42,283 [INFO] PluginManager:213 - loadIPPluginJar : add gic
2023-11-30 10:18:42,286 [INFO] IPUIPlugin:74 - create IPUIPlugin
2023-11-30 10:18:42,286 [INFO] PluginManager:213 - loadIPPluginJar : add gpio
2023-11-30 10:18:42,288 [INFO] IPUIPlugin:74 - create IPUIPlugin
2023-11-30 10:18:42,288 [INFO] PluginManager:213 - loadIPPluginJar : add gtzc
2023-11-30 10:18:42,289 [INFO] IPUIPlugin:74 - create IPUIPlugin
2023-11-30 10:18:42,290 [INFO] PluginManager:213 - loadIPPluginJar : add hash
2023-11-30 10:18:42,291 [INFO] IPUIPlugin:74 - create IPUIPlugin
2023-11-30 10:18:42,291 [INFO] PluginManager:213 - loadIPPluginJar : add i2c
2023-11-30 10:18:42,293 [INFO] IPUIPlugin:74 - create IPUIPlugin
2023-11-30 10:18:42,293 [INFO] PluginManager:213 - loadIPPluginJar : add i2s
2023-11-30 10:18:42,295 [INFO] IPUIPlugin:74 - create IPUIPlugin
2023-11-30 10:18:42,295 [INFO] PluginManager:213 - loadIPPluginJar : add ipddr
2023-11-30 10:18:42,300 [INFO] IPUIPlugin:74 - create IPUIPlugin
2023-11-30 10:18:42,300 [INFO] PluginManager:213 - loadIPPluginJar : add linkedlist
2023-11-30 10:18:42,302 [INFO] IPUIPlugin:74 - create IPUIPlugin
2023-11-30 10:18:42,302 [INFO] PluginManager:213 - loadIPPluginJar : add lorawan
2023-11-30 10:18:42,303 [INFO] IPUIPlugin:74 - create IPUIPlugin
2023-11-30 10:18:42,303 [INFO] PluginManager:213 - loadIPPluginJar : add ltdc
2023-11-30 10:18:42,306 [INFO] IPUIPlugin:74 - create IPUIPlugin
2023-11-30 10:18:42,306 [INFO] PluginManager:213 - loadIPPluginJar : add mdma
2023-11-30 10:18:42,308 [INFO] IPUIPlugin:74 - create IPUIPlugin
2023-11-30 10:18:42,308 [INFO] PluginManager:213 - loadIPPluginJar : add nvic
2023-11-30 10:18:42,310 [INFO] IPUIPlugin:74 - create IPUIPlugin
2023-11-30 10:18:42,310 [INFO] PluginManager:213 - loadIPPluginJar : add opamp
2023-11-30 10:18:42,312 [INFO] IPUIPlugin:74 - create IPUIPlugin
2023-11-30 10:18:42,312 [INFO] PluginManager:213 - loadIPPluginJar : add openamp
2023-11-30 10:18:42,314 [INFO] IPUIPlugin:74 - create IPUIPlugin
2023-11-30 10:18:42,314 [INFO] PluginManager:213 - loadIPPluginJar : add pdm2pcm
2023-11-30 10:18:42,318 [INFO] IPUIPlugin:74 - create IPUIPlugin
2023-11-30 10:18:42,320 [INFO] PluginManager:213 - loadIPPluginJar : add plateformsettings
2023-11-30 10:18:42,321 [INFO] IPUIPlugin:74 - create IPUIPlugin
2023-11-30 10:18:42,322 [INFO] PluginManager:213 - loadIPPluginJar : add quadspi
2023-11-30 10:18:42,323 [INFO] IPUIPlugin:74 - create IPUIPlugin
2023-11-30 10:18:42,324 [INFO] PluginManager:213 - loadIPPluginJar : add resmgrutility
2023-11-30 10:18:42,326 [INFO] IPUIPlugin:74 - create IPUIPlugin
2023-11-30 10:18:42,326 [INFO] PluginManager:213 - loadIPPluginJar : add sai
2023-11-30 10:18:42,327 [INFO] IPUIPlugin:74 - create IPUIPlugin
2023-11-30 10:18:42,327 [INFO] PluginManager:213 - loadIPPluginJar : add spi
2023-11-30 10:18:42,330 [INFO] IPUIPlugin:74 - create IPUIPlugin
2023-11-30 10:18:42,330 [INFO] PluginManager:213 - loadIPPluginJar : add stm32_wpan
2023-11-30 10:18:42,331 [INFO] IPUIPlugin:74 - create IPUIPlugin
2023-11-30 10:18:42,331 [INFO] PluginManager:213 - loadIPPluginJar : add tim
2023-11-30 10:18:42,333 [INFO] IPUIPlugin:74 - create IPUIPlugin
2023-11-30 10:18:42,334 [INFO] PluginManager:213 - loadIPPluginJar : add touchsensing
2023-11-30 10:18:42,335 [INFO] IPUIPlugin:74 - create IPUIPlugin
2023-11-30 10:18:42,335 [INFO] PluginManager:213 - loadIPPluginJar : add tracer_emb
2023-11-30 10:18:42,336 [INFO] IPUIPlugin:74 - create IPUIPlugin
2023-11-30 10:18:42,336 [INFO] PluginManager:213 - loadIPPluginJar : add ts
2023-11-30 10:18:42,337 [INFO] IPUIPlugin:74 - create IPUIPlugin
2023-11-30 10:18:42,337 [INFO] PluginManager:213 - loadIPPluginJar : add tsc
2023-11-30 10:18:42,338 [INFO] IPUIPlugin:74 - create IPUIPlugin
2023-11-30 10:18:42,338 [INFO] PluginManager:213 - loadIPPluginJar : add ucpd
2023-11-30 10:18:42,340 [INFO] IPUIPlugin:74 - create IPUIPlugin
2023-11-30 10:18:42,340 [INFO] PluginManager:213 - loadIPPluginJar : add usart
2023-11-30 10:18:42,342 [INFO] IPUIPlugin:74 - create IPUIPlugin
2023-11-30 10:18:42,342 [INFO] PluginManager:213 - loadIPPluginJar : add usbx
2023-11-30 10:18:42,588 [FATAL] Updater:294 - Updater called before beeing initialized
2023-11-30 10:18:42,669 [FATAL] Updater:294 - Updater called before beeing initialized
2023-11-30 10:18:42,672 [INFO] DbMcusAds:47 - JSON generation date=Tue Mar 07 15:50:55 ICT 2023 (1678179055335)
2023-11-30 10:18:42,673 [FATAL] Updater:294 - Updater called before beeing initialized
2023-11-30 10:18:42,697 [WARN] DetailPanel:314 - Failed to get advertising image, set to default
2023-11-30 10:18:42,761 [FATAL] Updater:294 - Updater called before beeing initialized
2023-11-30 10:18:42,763 [FATAL] Updater:294 - Updater called before beeing initialized
2023-11-30 10:18:42,763 [FATAL] Updater:294 - Updater called before beeing initialized
2023-11-30 10:18:42,763 [WARN] DetailPanel:314 - Failed to get advertising image, set to default
2023-11-30 10:18:42,764 [FATAL] Updater:294 - Updater called before beeing initialized
2023-11-30 10:18:42,803 [ERROR] Updater:1075 - MainUpdater not yet initialized. External WinMGr cannot be set.
2023-11-30 10:18:42,805 [INFO] Updater:1012 - Updater Version found : 6.3.0
2023-11-30 10:18:42,820 [INFO] ApplicationProperties:181 - Using Application install path: C:\ST\STM32CubeIDE_1.7.0\STM32CubeIDE\plugins\com.st.stm32cube.common.mx_6.3.0.202107141111
2023-11-30 10:18:43,346 [INFO] MainUpdater:2671 - connection check result : 10
2023-11-30 10:18:43,347 [INFO] MainUpdater:265 - Updater Check For Update Now.
2023-11-30 10:18:43,347 [INFO] MicroXplorer:478 - Change Database Version : DB.6.0.30
2023-11-30 10:18:43,513 [INFO] CheckServerUpdateThread:112 - End of CheckServer Thread
2023-11-30 10:18:43,571 [INFO] MainUpdater:2671 - connection check result : 10
2023-11-30 10:18:43,581 [INFO] McuFinderGlobals:52 - Set McuFinderConnectedMode to true
2023-11-30 10:18:44,047 [INFO] ServerAccessManage:362 - Download File mcusAds.json._tmp_
2023-11-30 10:18:44,168 [INFO] LoadUrlFilesThread:145 - End of LoadUrlFiles Thread
2023-11-30 10:18:44,913 [WARN] MainUpdater:1122 - Updater busy. Cannot search thirdparties
2023-11-30 10:18:44,913 [INFO] ThirdPartyUpdaterWithRetryManager:92 - Updater plugin is busy. [1/15]
2023-11-30 10:18:45,061 [INFO] ServerAccessManage:362 - Download File mcusDocs.json._tmp_
2023-11-30 10:18:45,832 [INFO] LoadUrlFilesThread:145 - End of LoadUrlFiles Thread
2023-11-30 10:18:46,191 [INFO] ServerAccessManage:362 - Download File mcusFeaturesAndDescription.json._tmp_
2023-11-30 10:18:47,913 [WARN] MainUpdater:1122 - Updater busy. Cannot search thirdparties
2023-11-30 10:18:47,913 [INFO] ThirdPartyUpdaterWithRetryManager:92 - Updater plugin is busy. [2/15]
2023-11-30 10:18:50,924 [WARN] MainUpdater:1122 - Updater busy. Cannot search thirdparties
2023-11-30 10:18:50,924 [INFO] ThirdPartyUpdaterWithRetryManager:92 - Updater plugin is busy. [3/15]
2023-11-30 10:18:53,938 [WARN] MainUpdater:1122 - Updater busy. Cannot search thirdparties
2023-11-30 10:18:53,938 [INFO] ThirdPartyUpdaterWithRetryManager:92 - Updater plugin is busy. [4/15]
2023-11-30 10:18:56,029 [INFO] LoadUrlFilesThread:145 - End of LoadUrlFiles Thread
2023-11-30 10:18:56,459 [INFO] ServerAccessManage:362 - Download File boardsDocs.json._tmp_
2023-11-30 10:18:56,620 [INFO] LoadUrlFilesThread:145 - End of LoadUrlFiles Thread
2023-11-30 10:18:56,938 [INFO] ServerAccessManage:362 - Download File boards.json._tmp_
2023-11-30 10:18:56,942 [WARN] MainUpdater:1122 - Updater busy. Cannot search thirdparties
2023-11-30 10:18:56,942 [INFO] ThirdPartyUpdaterWithRetryManager:92 - Updater plugin is busy. [5/15]
2023-11-30 10:18:57,533 [INFO] LoadUrlFilesThread:145 - End of LoadUrlFiles Thread
2023-11-30 10:18:58,253 [INFO] ServerAccessManage:362 - Download File cube-finder-db.zip
2023-11-30 10:18:59,953 [WARN] MainUpdater:1122 - Updater busy. Cannot search thirdparties
2023-11-30 10:18:59,953 [INFO] ThirdPartyUpdaterWithRetryManager:92 - Updater plugin is busy. [6/15]
2023-11-30 10:19:02,956 [WARN] MainUpdater:1122 - Updater busy. Cannot search thirdparties
2023-11-30 10:19:02,956 [INFO] ThirdPartyUpdaterWithRetryManager:92 - Updater plugin is busy. [7/15]
2023-11-30 10:19:05,966 [WARN] MainUpdater:1122 - Updater busy. Cannot search thirdparties
2023-11-30 10:19:05,966 [INFO] ThirdPartyUpdaterWithRetryManager:92 - Updater plugin is busy. [8/15]
2023-11-30 10:19:08,981 [WARN] MainUpdater:1122 - Updater busy. Cannot search thirdparties
2023-11-30 10:19:08,981 [INFO] ThirdPartyUpdaterWithRetryManager:92 - Updater plugin is busy. [9/15]
2023-11-30 10:19:11,985 [WARN] MainUpdater:1122 - Updater busy. Cannot search thirdparties
2023-11-30 10:19:11,985 [INFO] ThirdPartyUpdaterWithRetryManager:92 - Updater plugin is busy. [10/15]
2023-11-30 10:19:14,987 [WARN] MainUpdater:1122 - Updater busy. Cannot search thirdparties
2023-11-30 10:19:14,988 [INFO] ThirdPartyUpdaterWithRetryManager:92 - Updater plugin is busy. [11/15]
2023-11-30 10:19:17,999 [WARN] MainUpdater:1122 - Updater busy. Cannot search thirdparties
2023-11-30 10:19:17,999 [INFO] ThirdPartyUpdaterWithRetryManager:92 - Updater plugin is busy. [12/15]
2023-11-30 10:19:21,014 [WARN] MainUpdater:1122 - Updater busy. Cannot search thirdparties
2023-11-30 10:19:21,014 [INFO] ThirdPartyUpdaterWithRetryManager:92 - Updater plugin is busy. [13/15]
2023-11-30 10:19:24,024 [WARN] MainUpdater:1122 - Updater busy. Cannot search thirdparties
2023-11-30 10:19:24,024 [INFO] ThirdPartyUpdaterWithRetryManager:92 - Updater plugin is busy. [14/15]
2023-11-30 10:19:27,028 [WARN] MainUpdater:1122 - Updater busy. Cannot search thirdparties
2023-11-30 10:19:27,028 [INFO] ThirdPartyUpdaterWithRetryManager:92 - Updater plugin is busy. [15/15]
2023-11-30 10:19:27,028 [ERROR] IntegrityCheckThread:124 - Cannot retrieve database content from updater: error -1
2023-11-30 10:19:27,028 [INFO] ThirdParty:915 - Integrity check success = false
2023-11-30 10:19:27,028 [INFO] IntegrityCheckThread:94 - exiting critical section [integrity check]
2023-11-30 10:19:27,028 [INFO] IntegrityCheckThread:97 - End integrity checks thread
2023-11-30 10:19:35,716 [INFO] FileExtend:235 - Unzip File : cube-finder-db.zip
2023-11-30 10:19:35,716 [INFO] FileExtend:250 - Standard Zip Deflate
2023-11-30 10:19:36,436 [INFO] LoadUrlFilesThread:145 - End of LoadUrlFiles Thread
2023-11-30 10:19:37,604 [INFO] ServerAccessManage:362 - Download File crdb.zip
2023-11-30 10:19:39,227 [INFO] FileExtend:235 - Unzip File : crdb.zip
2023-11-30 10:19:39,228 [INFO] FileExtend:250 - Standard Zip Deflate
2023-11-30 10:19:39,368 [INFO] LoadUrlFilesThread:145 - End of LoadUrlFiles Thread
2023-11-30 10:19:39,707 [INFO] ServerAccessManage:362 - Download File tutoVideoDB.zip
2023-11-30 10:19:39,835 [INFO] FileExtend:235 - Unzip File : tutoVideoDB.zip
2023-11-30 10:19:39,836 [INFO] FileExtend:250 - Standard Zip Deflate
2023-11-30 10:19:39,965 [INFO] LoadUrlFilesThread:145 - End of LoadUrlFiles Thread
2023-11-30 10:19:39,966 [INFO] DbMcusAds:47 - JSON generation date=Wed Nov 29 17:52:38 ICT 2023 (1701255158764)
2023-11-30 10:19:39,981 [INFO] DbMcusDocs:143 - JSON generation date=Tue Nov 16 23:17:54 ICT 2021 (1637079474)
2023-11-30 10:19:39,982 [INFO] DbMcusXml:100 - Load MCU database from C:\ST\STM32CubeIDE_1.7.0\STM32CubeIDE\plugins\com.st.stm32cube.common.mx_6.3.0.202107141111\\db\/mcu/families.xml
2023-11-30 10:19:40,580 [INFO] DbMcusJson:93 - JSON generation date=Tue Nov 16 23:17:54 ICT 2021 (1637079474)
2023-11-30 10:19:41,078 [INFO] DbMcus:175 - Found 1951 MCUs (1903 are supported by CubeMX, 1914 are visible in CubeMX)
2023-11-30 10:19:41,079 [INFO] ApiDb:251 - Load user favorites file C:\Users\Windows/.stm32cubeide/favorites.mcus.txt: 0 item(s)
2023-11-30 10:19:41,079 [INFO] ApiDb:255 - User favorites MCUs=[]
2023-11-30 10:19:41,079 [INFO] DbMcus:187 - Set 0 / 0 favorites MCUs
2023-11-30 10:19:41,437 [INFO] DbMcusDocs:79 - Found 682 MCUs documents
2023-11-30 10:19:41,438 [INFO] ApiDb:276 - Save user favorites file C:\Users\Windows/.stm32cubeide/favorites.mcus.txt: 0 item(s)
2023-11-30 10:19:41,438 [INFO] ApiDb:280 - User favorites MCUs=[]
2023-11-30 10:19:41,439 [INFO] DbMcusXml:100 - Load MCU database from C:\ST\STM32CubeIDE_1.7.0\STM32CubeIDE\plugins\com.st.stm32cube.common.mx_6.3.0.202107141111\\db\/mcu/families.xml
2023-11-30 10:19:41,910 [INFO] DbMcusJson:93 - JSON generation date=Tue Nov 16 23:17:54 ICT 2021 (1637079474)
2023-11-30 10:19:42,324 [INFO] DbMcus:175 - Found 1951 MCUs (1903 are supported by CubeMX, 1914 are visible in CubeMX)
2023-11-30 10:19:42,324 [INFO] ApiDb:251 - Load user favorites file C:\Users\Windows/.stm32cubeide/favorites.mcus.txt: 0 item(s)
2023-11-30 10:19:42,324 [INFO] ApiDb:255 - User favorites MCUs=[]
2023-11-30 10:19:42,325 [INFO] DbMcus:187 - Set 0 / 0 favorites MCUs
2023-11-30 10:19:42,329 [INFO] DbBoardsDocs:143 - JSON generation date=Tue Nov 16 23:17:54 ICT 2021 (1637079474)
2023-11-30 10:19:42,346 [INFO] DbBoardsPdsc:90 - Found 25 items
2023-11-30 10:19:42,354 [INFO] DbBoardsPdsc:90 - Found 9 items
2023-11-30 10:19:42,364 [INFO] DbBoardsPdsc:90 - Found 33 items
2023-11-30 10:19:42,371 [INFO] DbBoardsPdsc:90 - Found 1 items
2023-11-30 10:19:42,384 [INFO] DbBoardsPdsc:90 - Found 48 items
2023-11-30 10:19:42,396 [INFO] DbBoardsPdsc:90 - Found 43 items
2023-11-30 10:19:42,404 [INFO] DbBoardsPdsc:90 - Found 2 items
2023-11-30 10:19:42,412 [INFO] DbBoardsPdsc:90 - Found 5 items
2023-11-30 10:19:42,419 [WARN] DbBoardsPdsc:254 - Board STM32H7B3I-DK: unknown feature type=Audio, name=, username=Audio stereo codec with Headphone Amp (CS42L51-CNZ), n=1
2023-11-30 10:19:42,419 [WARN] DbBoardsPdsc:254 - Board STM32H735G-DK: unknown feature type=Audio, name=, username=Audio stereo codec with Headphone Amp (WM8994ECS/R), n=1
2023-11-30 10:19:42,420 [WARN] DbBoardsPdsc:254 - Board STM32H7B3I-EVAL: unknown feature type=Audio, name=, username=Multi-Channel Audio Codec (CS42L51-CNZ), n=1
2023-11-30 10:19:42,420 [WARN] DbBoardsPdsc:254 - Board STM32H7B3I-EVAL: unknown feature type=Meter, name=, username=Power-metering and Temperature-monitoring with sigma-delta modulators, n=1
2023-11-30 10:19:42,421 [WARN] DbBoardsPdsc:254 - Board STM32H7B3I-EVAL: unknown feature type=Motor, name=, username=Motor Control, n=1
2023-11-30 10:19:42,421 [WARN] DbBoardsPdsc:254 - Board STM32U575I-EV: unknown feature type=joystick, name=, username=4-direction joystick with selection button, n=1
2023-11-30 10:19:42,441 [INFO] DbBoardsJson:86 - JSON generation date=Tue Nov 16 23:17:54 ICT 2021 (1637079474)
2023-11-30 10:19:42,446 [INFO] DbBoards:117 - Found 167 boards (163 are supported by CubeMX)
2023-11-30 10:19:42,448 [INFO] DbBoardsDocs:143 - JSON generation date=Tue Nov 16 23:17:54 ICT 2021 (1637079474)
2023-11-30 10:19:42,450 [INFO] DbBoardsDocs:79 - Found 209 boards documents
2023-11-30 10:19:42,452 [WARN] DbBoards:127 - board B-L475E-IOT01A2 has no document id list !
2023-11-30 10:19:42,453 [WARN] DbBoards:127 - board NUCLEO-H743ZI has no document id list !
2023-11-30 10:19:42,453 [WARN] DbBoards:127 - board NUCLEO-WL55JC2 has no document id list !
2023-11-30 10:19:42,453 [WARN] DbBoards:127 - board P-NUCLEO-WB55-Nucleo has no document id list !
2023-11-30 10:19:42,453 [WARN] DbBoards:127 - board P-NUCLEO-WB55-USBDongle has no document id list !
2023-11-30 10:19:42,453 [WARN] DbBoards:127 - board STEVAL-BFA001V1B has no document id list !
2023-11-30 10:19:42,453 [WARN] DbBoards:127 - board STEVAL-BFA001V2B has no document id list !
2023-11-30 10:19:42,453 [WARN] DbBoards:127 - board STEVAL-IDP005V1 has no document id list !
2023-11-30 10:19:42,453 [WARN] DbBoards:127 - board STEVAL-IDP005V2 has no document id list !
2023-11-30 10:19:42,454 [WARN] DbBoards:127 - board STEVAL-MKSBOX1V1 has no document id list !
2023-11-30 10:19:42,454 [WARN] DbBoards:127 - board STEVAL-STWINKT1 has no document id list !
2023-11-30 10:19:42,454 [WARN] DbBoards:127 - board STEVAL-STWINKT1B has no document id list !
2023-11-30 10:19:42,454 [WARN] DbBoards:127 - board STM32439I-EVAL2 has no document id list !
2023-11-30 10:19:42,454 [WARN] DbBoards:127 - board STM32F401C-DISCO has no document id list !
2023-11-30 10:19:42,454 [WARN] DbBoards:127 - board STM32F769I-DISC1 has no document id list !
2023-11-30 10:19:42,455 [WARN] DbBoards:127 - board STM32G474E-EVAL1 has no document id list !
2023-11-30 10:19:42,455 [WARN] DbBoards:127 - board STM32H743I-EVAL2 has no document id list !
2023-11-30 10:19:42,455 [WARN] DbBoards:127 - board STM32H747I-DISC1 has no document id list !
2023-11-30 10:19:42,455 [WARN] DbBoards:127 - board STM32H753I-EVAL2 has no document id list !
2023-11-30 10:19:42,455 [WARN] DbBoards:127 - board STM32L-DISCOVERY has no document id list !
2023-11-30 10:19:42,574 [ERROR] DbBoards:189 - Image file not found for board B-U585I-IOT02A: C:\ST\STM32CubeIDE_1.7.0\STM32CubeIDE\plugins\com.st.stm32cube.common.mx_6.3.0.202107141111\\db\/plugins/mcufinder/images/boards/B-U585I-IOT02A_small.jpg
2023-11-30 10:19:42,666 [ERROR] DbBoards:189 - Image file not found for board NUCLEO-F413ZH: C:\ST\STM32CubeIDE_1.7.0\STM32CubeIDE\plugins\com.st.stm32cube.common.mx_6.3.0.202107141111\\db\/plugins/mcufinder/images/boards/nucleo-f413zh_small.jpg
2023-11-30 10:19:42,817 [ERROR] DbBoards:189 - Image file not found for board NUCLEO-L552ZE-Q: C:\ST\STM32CubeIDE_1.7.0\STM32CubeIDE\plugins\com.st.stm32cube.common.mx_6.3.0.202107141111\\db\/plugins/mcufinder/images/boards/nucleo_l552ze_q_small.jpg
2023-11-30 10:19:42,817 [ERROR] DbBoards:189 - Image file not found for board NUCLEO-U575ZI-Q: C:\ST\STM32CubeIDE_1.7.0\STM32CubeIDE\plugins\com.st.stm32cube.common.mx_6.3.0.202107141111\\db\/plugins/mcufinder/images/boards/nucleo-u575zi-q_small.jpg
2023-11-30 10:19:42,817 [ERROR] DbBoards:189 - Image file not found for board NUCLEO-WB15CC: C:\ST\STM32CubeIDE_1.7.0\STM32CubeIDE\plugins\com.st.stm32cube.common.mx_6.3.0.202107141111\\db\/plugins/mcufinder/images/boards/nucleo-wb15cc_small.jpg
2023-11-30 10:19:42,818 [ERROR] DbBoards:189 - Image file not found for board NUCLEO-WB55RG: C:\ST\STM32CubeIDE_1.7.0\STM32CubeIDE\plugins\com.st.stm32cube.common.mx_6.3.0.202107141111\\db\/plugins/mcufinder/images/boards/nucleo-wb55rg_small.jpg
2023-11-30 10:19:43,745 [INFO] ApiDb:251 - Load user favorites file C:\Users\Windows/.stm32cubeide/favorites.boards.txt: 0 item(s)
2023-11-30 10:19:43,746 [INFO] ApiDb:255 - User favorites Boards=[]
2023-11-30 10:19:43,746 [INFO] DbBoards:206 - Set 0 / 0 favorites Boards
2023-11-30 10:19:43,748 [INFO] DbBoardsDocs:79 - Found 418 boards documents
2023-11-30 10:19:43,748 [INFO] ApiDb:276 - Save user favorites file C:\Users\Windows/.stm32cubeide/favorites.boards.txt: 0 item(s)
2023-11-30 10:19:43,748 [INFO] ApiDb:280 - User favorites Boards=[]
2023-11-30 10:19:43,750 [INFO] DbBoardsPdsc:90 - Found 25 items
2023-11-30 10:19:43,752 [INFO] DbBoardsPdsc:90 - Found 9 items
2023-11-30 10:19:43,754 [INFO] DbBoardsPdsc:90 - Found 33 items
2023-11-30 10:19:43,755 [INFO] DbBoardsPdsc:90 - Found 1 items
2023-11-30 10:19:43,759 [INFO] DbBoardsPdsc:90 - Found 48 items
2023-11-30 10:19:43,764 [INFO] DbBoardsPdsc:90 - Found 43 items
2023-11-30 10:19:43,764 [INFO] DbBoardsPdsc:90 - Found 2 items
2023-11-30 10:19:43,766 [INFO] DbBoardsPdsc:90 - Found 5 items
2023-11-30 10:19:43,769 [WARN] DbBoardsPdsc:254 - Board STM32H7B3I-DK: unknown feature type=Audio, name=, username=Audio stereo codec with Headphone Amp (CS42L51-CNZ), n=1
2023-11-30 10:19:43,769 [WARN] DbBoardsPdsc:254 - Board STM32H735G-DK: unknown feature type=Audio, name=, username=Audio stereo codec with Headphone Amp (WM8994ECS/R), n=1
2023-11-30 10:19:43,770 [WARN] DbBoardsPdsc:254 - Board STM32H7B3I-EVAL: unknown feature type=Audio, name=, username=Multi-Channel Audio Codec (CS42L51-CNZ), n=1
2023-11-30 10:19:43,770 [WARN] DbBoardsPdsc:254 - Board STM32H7B3I-EVAL: unknown feature type=Meter, name=, username=Power-metering and Temperature-monitoring with sigma-delta modulators, n=1
2023-11-30 10:19:43,770 [WARN] DbBoardsPdsc:254 - Board STM32H7B3I-EVAL: unknown feature type=Motor, name=, username=Motor Control, n=1
2023-11-30 10:19:43,770 [WARN] DbBoardsPdsc:254 - Board STM32U575I-EV: unknown feature type=joystick, name=, username=4-direction joystick with selection button, n=1
2023-11-30 10:19:43,798 [INFO] DbBoardsJson:86 - JSON generation date=Tue Nov 16 23:17:54 ICT 2021 (1637079474)
2023-11-30 10:19:43,804 [INFO] DbBoards:117 - Found 167 boards (163 are supported by CubeMX)
2023-11-30 10:19:43,804 [WARN] DbBoards:127 - board B-L475E-IOT01A2 has no document id list !
2023-11-30 10:19:43,805 [WARN] DbBoards:127 - board NUCLEO-H743ZI has no document id list !
2023-11-30 10:19:43,806 [WARN] DbBoards:127 - board NUCLEO-WL55JC2 has no document id list !
2023-11-30 10:19:43,806 [WARN] DbBoards:127 - board P-NUCLEO-WB55-Nucleo has no document id list !
2023-11-30 10:19:43,806 [WARN] DbBoards:127 - board P-NUCLEO-WB55-USBDongle has no document id list !
2023-11-30 10:19:43,806 [WARN] DbBoards:127 - board STEVAL-BFA001V1B has no document id list !
2023-11-30 10:19:43,806 [WARN] DbBoards:127 - board STEVAL-BFA001V2B has no document id list !
2023-11-30 10:19:43,806 [WARN] DbBoards:127 - board STEVAL-IDP005V1 has no document id list !
2023-11-30 10:19:43,806 [WARN] DbBoards:127 - board STEVAL-IDP005V2 has no document id list !
2023-11-30 10:19:43,806 [WARN] DbBoards:127 - board STEVAL-MKSBOX1V1 has no document id list !
2023-11-30 10:19:43,806 [WARN] DbBoards:127 - board STEVAL-STWINKT1 has no document id list !
2023-11-30 10:19:43,806 [WARN] DbBoards:127 - board STEVAL-STWINKT1B has no document id list !
2023-11-30 10:19:43,806 [WARN] DbBoards:127 - board STM32439I-EVAL2 has no document id list !
2023-11-30 10:19:43,807 [WARN] DbBoards:127 - board STM32F401C-DISCO has no document id list !
2023-11-30 10:19:43,807 [WARN] DbBoards:127 - board STM32F769I-DISC1 has no document id list !
2023-11-30 10:19:43,807 [WARN] DbBoards:127 - board STM32G474E-EVAL1 has no document id list !
2023-11-30 10:19:43,807 [WARN] DbBoards:127 - board STM32H743I-EVAL2 has no document id list !
2023-11-30 10:19:43,807 [WARN] DbBoards:127 - board STM32H747I-DISC1 has no document id list !
2023-11-30 10:19:43,807 [WARN] DbBoards:127 - board STM32H753I-EVAL2 has no document id list !
2023-11-30 10:19:43,807 [WARN] DbBoards:127 - board STM32L-DISCOVERY has no document id list !
2023-11-30 10:19:43,896 [ERROR] DbBoards:189 - Image file not found for board B-U585I-IOT02A: C:\ST\STM32CubeIDE_1.7.0\STM32CubeIDE\plugins\com.st.stm32cube.common.mx_6.3.0.202107141111\\db\/plugins/mcufinder/images/boards/B-U585I-IOT02A_small.jpg
2023-11-30 10:19:43,958 [ERROR] DbBoards:189 - Image file not found for board NUCLEO-F413ZH: C:\ST\STM32CubeIDE_1.7.0\STM32CubeIDE\plugins\com.st.stm32cube.common.mx_6.3.0.202107141111\\db\/plugins/mcufinder/images/boards/nucleo-f413zh_small.jpg
2023-11-30 10:19:44,105 [ERROR] DbBoards:189 - Image file not found for board NUCLEO-L552ZE-Q: C:\ST\STM32CubeIDE_1.7.0\STM32CubeIDE\plugins\com.st.stm32cube.common.mx_6.3.0.202107141111\\db\/plugins/mcufinder/images/boards/nucleo_l552ze_q_small.jpg
2023-11-30 10:19:44,105 [ERROR] DbBoards:189 - Image file not found for board NUCLEO-U575ZI-Q: C:\ST\STM32CubeIDE_1.7.0\STM32CubeIDE\plugins\com.st.stm32cube.common.mx_6.3.0.202107141111\\db\/plugins/mcufinder/images/boards/nucleo-u575zi-q_small.jpg
2023-11-30 10:19:44,105 [ERROR] DbBoards:189 - Image file not found for board NUCLEO-WB15CC: C:\ST\STM32CubeIDE_1.7.0\STM32CubeIDE\plugins\com.st.stm32cube.common.mx_6.3.0.202107141111\\db\/plugins/mcufinder/images/boards/nucleo-wb15cc_small.jpg
2023-11-30 10:19:44,105 [ERROR] DbBoards:189 - Image file not found for board NUCLEO-WB55RG: C:\ST\STM32CubeIDE_1.7.0\STM32CubeIDE\plugins\com.st.stm32cube.common.mx_6.3.0.202107141111\\db\/plugins/mcufinder/images/boards/nucleo-wb55rg_small.jpg
2023-11-30 10:19:44,693 [INFO] ApiDb:251 - Load user favorites file C:\Users\Windows/.stm32cubeide/favorites.boards.txt: 0 item(s)
2023-11-30 10:19:44,694 [INFO] ApiDb:255 - User favorites Boards=[]
2023-11-30 10:19:44,694 [INFO] DbBoards:206 - Set 0 / 0 favorites Boards
2023-11-30 10:19:45,222 [INFO] ServerAccessManage:362 - Download File 
2023-11-30 10:19:45,371 [INFO] LoadUrlFilesThread:172 - End of LoadServerUrlFiles without Thread
2023-11-30 10:19:45,371 [INFO] TargetSelectorAdapter:224 - Refresh data is successful
2023-11-30 10:19:45,460 [INFO] ApiDb:479 - Connected to CubeFinder SQLite database (C:\Users\Windows\.stmcufinder\plugins\mcufinder\mcu\cube-finder-db.db)
2023-11-30 10:19:46,013 [ERROR] DbExamplesSqlite:446 - Missing JSON key: board_cpn
2023-11-30 10:19:46,013 [ERROR] DbExamplesSqlite:446 - Missing JSON key: board_cpn
2023-11-30 10:19:46,013 [ERROR] DbExamplesSqlite:446 - Missing JSON key: board_cpn
2023-11-30 10:19:46,013 [ERROR] DbExamplesSqlite:446 - Missing JSON key: board_cpn
2023-11-30 10:19:46,039 [INFO] DbExamplesSqlite:411 - Ignored 55 examples not supported by CubeIDE
2023-11-30 10:19:46,039 [INFO] DbExamplesSqlite:412 - Found 7548 examples active
2023-11-30 10:19:46,039 [INFO] DbExamplesSqlite:413 - Found 848 examples obsolete
2023-11-30 10:19:46,039 [INFO] DbExamplesSqlite:414 - Found 0 examples under development
2023-11-30 10:19:46,039 [INFO] DbExamplesSqlite:415 - Found 8 examples not building
2023-11-30 10:19:46,078 [INFO] DbExamplesSqlite:108 - CubeFinder database Data Model version=2.1
2023-11-30 10:19:46,078 [INFO] DbExamplesSqlite:109 - CubeFinder database Configuration version=3.0.39
2023-11-30 10:19:46,078 [INFO] DbExamplesSqlite:110 - CubeFinder database generation date=2023-11-06 (1699269565)
2023-11-30 10:19:46,079 [INFO] DbExamplesSqlite:111 - CubeFinder database FW Pack versions=[FP-ATR-ASTRA1_V2.0.0, FP-SNS-FLIGHT1_V5.0.1, FP-SNS-FLIGHT1_V5.0.2, FP-SNS-MOTENV1_V4.3.1, FP-SNS-MOTENV1_V4.3.2, FP-SNS-MOTENVWB1_V1.3.0, FP-SNS-SMARTAG2_V1.2.0, STM32Cube_FW_C0_V1.1.0, STM32Cube_FW_F4_V1.28.0, STM32Cube_FW_F7_V1.17.0, STM32Cube_FW_G0_V1.6.1, STM32Cube_FW_G4_V1.5.1, STM32Cube_FW_H5_V0.5.1, STM32Cube_FW_H5_V1.1.1, STM32Cube_FW_H5_V1.2.0RC2, STM32Cube_FW_H7_V1.11.0, STM32Cube_FW_L0_V1.12.2, STM32Cube_FW_L5_V1.5.0, STM32Cube_FW_U5_V1.3.0RC4, STM32Cube_FW_U5_V1.4.0, STM32Cube_FW_WBA_V1.0.0RC1, STM32Cube_FW_WBA_V1.1.0RC1, STM32Cube_FW_WBA_V1.2.0, STM32Cube_FW_WBA_V1.2.0RC2, STM32Cube_FW_WB_V1.15.0RC1, STM32Cube_FW_WB_V1.16.0, STM32Cube_FW_WB_V1.16.0RC2, STM32Cube_FW_WB_V1.18.0, STM32Cube_FW_WL_V1.3.0, X-CUBE-ALGOBUILD_V1.3.0, X-CUBE-ALS_V1.0.1, X-CUBE-AZRTOS-F4_V1.1.0, X-CUBE-AZRTOS-F7_V1.1.0, X-CUBE-AZRTOS-G0_V1.1.0, X-CUBE-AZRTOS-G4_V2.0.0, X-CUBE-AZRTOS-H7_V3.1.0, X-CUBE-AZRTOS-L4_V1.0.0, X-CUBE-AZRTOS-L4_V2.0.0, X-CUBE-AZRTOS-L5_V1.1.0, X-CUBE-AZRTOS-WB_V2.0.0, X-CUBE-AZRTOS-WL_V2.0.0, X-CUBE-BLE1_V7.0.0, X-CUBE-BLE2_V3.3.0, X-CUBE-BLEMGR_V2.0.0, X-CUBE-EEPRMA1_V4.1.0, X-CUBE-EEPRMA1_V4.2.0, X-CUBE-FREERTOS_V1.1.0, X-CUBE-GNSS1_V6.0.0, X-CUBE-MEMS1_V10.0.0, X-CUBE-MEMS1_V9.1.0, X-CUBE-MEMS1_V9.4.0, X-CUBE-MEMS1_V9.6.0, X-CUBE-NFC4_V3.0.0, X-CUBE-NFC7_V1.0.1, X-CUBE-SFXS2LP1_V4.0.0, X-CUBE-SUBG2_V5.0.0, X-CUBE-TOF1_V3.3.1]
2023-11-30 10:19:46,079 [INFO] DbExamples:130 - Found 7501 examples
2023-11-30 10:19:46,514 [ERROR] DbExamples:206 - Found 7501 examples with invalid data (board or MCU)
2023-11-30 10:19:46,515 [INFO] DbExamples:222 - Found 79 boards with related examples
2023-11-30 10:19:46,515 [INFO] DbExamples:235 - Found 0 MCUs with related examples
2023-11-30 10:19:46,532 [INFO] ApiDb:242 - User favorites file not found: C:\Users\Windows/.stm32cubeide/favorites.examples.txt
2023-11-30 10:19:46,532 [INFO] DbExamples:256 - Set 0 / 0 favorites Examples
2023-11-30 10:19:46,687 [INFO] McuFinderGlobals:52 - Set McuFinderConnectedMode to false
2023-11-30 10:19:46,773 [INFO] CrossSelectorPresenter:1330 - Cross Selector saved comparison directory: C:\Users\Windows\.stmcufinder\plugins\mcufinder\mcu\cs_comparisons_mx
2023-11-30 10:19:46,779 [INFO] MultiScanPanel:197 - Auto-refresh data requested => check proxy status ongoing
2023-11-30 10:19:46,779 [INFO] MultiScanPanel:201 - Proxy status is invalid
2023-11-30 10:19:46,782 [INFO] FinderPluginLoader:87 - Searching for filters in installed packs
2023-11-30 10:19:47,111 [INFO] DetailPanel:309 - Set advertising image to C:/Users/Windows/STM32Cube/Repository/\en.prom-stm32wl3-mcu-finder.jpg
2023-11-30 10:22:31,869 [INFO] MainUpdater:2671 - connection check result : 10
2023-11-30 10:22:31,870 [INFO] MainUpdater:2671 - connection check result : 10
2023-11-30 10:22:31,893 [INFO] MicroXplorer:448 - Change Database Path : 
2023-11-30 10:22:31,893 [INFO] MicroXplorer:478 - Change Database Version : DB.6.0.30
2023-11-30 10:22:31,893 [WARN] ThirdParty:813 - waiting for thirdparty lock release [close project]
2023-11-30 10:22:31,893 [INFO] ThirdParty:815 - entering critical section [close project]
2023-11-30 10:22:31,894 [INFO] ThirdParty:825 - exiting critical section [close project]
2023-11-30 10:22:31,897 [INFO] PinOutPanel:1463 - setPackage(No Configuration,No Configuration)
2023-11-30 10:22:31,898 [INFO] UtilMem:74 - Begin LoadConfig() Used Memory: 765784568 Bytes (873463808)
2023-11-30 10:22:31,899 [INFO] MicroXplorer:448 - Change Database Path : 
2023-11-30 10:22:31,899 [INFO] MicroXplorer:478 - Change Database Version : DB.6.0.30
2023-11-30 10:22:31,899 [INFO] OpenFileManager:313 - Change cursor
2023-11-30 10:22:31,910 [WARN] IntegrityCheckThread:78 - waiting for thirdparty lock release [integrity check]
2023-11-30 10:22:31,910 [INFO] IntegrityCheckThread:80 - entering critical section [integrity check]
2023-11-30 10:22:32,001 [ERROR] Engine:463 - C:\Users\Windows\.stm32cubemx\thirdparties\pdsc\STMicroelectronics.X-CUBE-SMBUS.2.1.0.pdsc: PDSC version is not supported
2023-11-30 10:22:32,041 [WARN] PackLoader:238 - Cannot read IP mode file for STMicroelectronics.X-CUBE-AZRTOS-F7.1.1.0
2023-11-30 10:22:32,048 [ERROR] Engine:463 - C:\Users\Windows\.stm32cubemx\thirdparties\pdsc\STMicroelectronics.FP-SNS-MOTENV1.4.3.2.pdsc: PDSC version is not supported
2023-11-30 10:22:32,050 [ERROR] Engine:463 - C:\Users\Windows\.stm32cubemx\thirdparties\pdsc\STMicroelectronics.FP-SNS-FLIGHT1.5.0.2.pdsc: PDSC version is not supported
2023-11-30 10:22:32,052 [ERROR] Engine:463 - C:\Users\Windows\.stm32cubemx\thirdparties\pdsc\STMicroelectronics.X-CUBE-DISPLAY.3.0.0.pdsc: PDSC version is not supported
2023-11-30 10:22:32,059 [WARN] PackLoader:238 - Cannot read IP mode file for STMicroelectronics.X-CUBE-BLE1.7.0.0
2023-11-30 10:22:32,062 [ERROR] Engine:463 - C:\Users\Windows\.stm32cubemx\thirdparties\pdsc\emotas.I-CUBE-CANOPEN.1.3.0.pdsc: PDSC version is not supported
2023-11-30 10:22:32,068 [WARN] PackLoader:238 - Cannot read IP mode file for STMicroelectronics.X-CUBE-TOUCHGFX.4.22.0
2023-11-30 10:22:32,071 [WARN] PackLoader:238 - Cannot read IP mode file for STMicroelectronics.X-CUBE-TOUCHGFX.4.22.1
2023-11-30 10:22:32,074 [ERROR] Engine:463 - C:\Users\Windows\.stm32cubemx\thirdparties\pdsc\STMicroelectronics.FP-SNS-SMARTAG2.1.2.0.pdsc: PDSC version is not supported
2023-11-30 10:22:32,083 [INFO] LogOutputStream:76 - [STDOUT_REDIRECT] 1 : Invalid condition id : UX_CORESTACK_Condition cause : null
2023-11-30 10:22:32,086 [INFO] LogOutputStream:76 - [STDOUT_REDIRECT] 1 : Invalid condition id : UX_CORESTACK_Condition cause : null
2023-11-30 10:22:32,087 [INFO] LogOutputStream:76 - [STDOUT_REDIRECT] 1 : Invalid condition id : UX_CORESTACK_Condition cause : null
2023-11-30 10:22:32,088 [INFO] LogOutputStream:76 - [STDOUT_REDIRECT] 1 : Invalid condition id : UX_CORESTACK_Condition cause : null
2023-11-30 10:22:32,089 [INFO] LogOutputStream:76 - [STDOUT_REDIRECT] 1 : Invalid condition id : UX_CORESTACK_Condition cause : null
2023-11-30 10:22:32,098 [WARN] PackLoader:238 - Cannot read IP mode file for STMicroelectronics.X-CUBE-AZRTOS-WL.2.0.0
2023-11-30 10:22:32,105 [WARN] PackLoader:238 - Cannot read IP mode file for WES.I-CUBE-Cesium.1.3.0
2023-11-30 10:22:32,109 [WARN] PackLoader:238 - Cannot read IP mode file for STMicroelectronics.X-CUBE-BLE2.3.3.0
2023-11-30 10:22:32,114 [WARN] PackLoader:238 - Cannot read IP mode file for STMicroelectronics.X-CUBE-ALGOBUILD.1.3.0
2023-11-30 10:22:32,128 [WARN] PackLoader:238 - Cannot read IP mode file for STMicroelectronics.X-CUBE-AZRTOS-G0.1.1.0
2023-11-30 10:22:32,134 [WARN] PackLoader:238 - Cannot read IP mode file for STMicroelectronics.X-CUBE-NFC4.3.0.0
2023-11-30 10:22:32,137 [ERROR] Engine:463 - C:\Users\Windows\.stm32cubemx\thirdparties\pdsc\STMicroelectronics.X-CUBE-BLEMGR.3.0.0.pdsc: PDSC version is not supported
2023-11-30 10:22:32,140 [WARN] PackLoader:238 - Cannot read IP mode file for STMicroelectronics.FP-ATR-SIGFOX1.3.2.0
2023-11-30 10:22:32,162 [WARN] PackLoader:238 - Cannot read IP mode file for SEGGER.I-CUBE-embOS.1.3.1
2023-11-30 10:22:32,196 [WARN] PackLoader:238 - Cannot read IP mode file for STMicroelectronics.X-CUBE-GNSS1.6.0.0
2023-11-30 10:22:32,209 [WARN] PackLoader:238 - Cannot read IP mode file for STMicroelectronics.X-CUBE-AZRTOS-F4.1.1.0
2023-11-30 10:22:32,214 [WARN] PackLoader:238 - Cannot read IP mode file for wolfSSL.I-CUBE-wolfSSL.5.6.3
2023-11-30 10:22:32,233 [WARN] PackLoader:238 - Cannot read IP mode file for STMicroelectronics.X-CUBE-AZRTOS-L5.2.0.0
2023-11-30 10:22:32,272 [WARN] PackLoader:238 - Cannot read IP mode file for STMicroelectronics.X-CUBE-MEMS1.9.6.0
2023-11-30 10:22:32,420 [WARN] PackLoader:238 - Cannot read IP mode file for STMicroelectronics.X-CUBE-EEPRMA1.4.2.0
2023-11-30 10:22:32,423 [ERROR] Engine:463 - C:\Users\Windows\.stm32cubemx\thirdparties\pdsc\ITTIA_DB.I-CUBE-ITTIADB.8.8.0.pdsc: PDSC version is not supported
2023-11-30 10:22:32,428 [WARN] PackLoader:238 - Cannot read IP mode file for STMicroelectronics.X-CUBE-BLEMGR.2.0.0
2023-11-30 10:22:32,446 [WARN] ConditionMgr:437 - getConditionDescription Invalid condition id : UX DEVICE CLASS RTOS Condition cause : null
2023-11-30 10:22:32,446 [WARN] ConditionMgr:437 - getConditionDescription Invalid condition id : UX DEVICE CLASS RTOS Condition cause : null
2023-11-30 10:22:32,449 [WARN] PackLoader:238 - Cannot read IP mode file for STMicroelectronics.X-CUBE-AZRTOS-H7.3.1.0
2023-11-30 10:22:32,450 [WARN] ConditionMgr:1038 - genDependencies : Invalid condition id : UX DEVICE CLASS RTOS Condition cause : null
2023-11-30 10:22:32,450 [WARN] ConditionMgr:1038 - genDependencies : Invalid condition id : UX DEVICE CLASS RTOS Condition cause : null
2023-11-30 10:22:32,450 [WARN] ConditionMgr:1038 - genDependencies : Invalid condition id : UX DEVICE CLASS RTOS Condition cause : null
2023-11-30 10:22:32,451 [WARN] ConditionMgr:1038 - genDependencies : Invalid condition id : UX DEVICE CLASS RTOS Condition cause : null
2023-11-30 10:22:32,451 [WARN] ConditionMgr:1038 - genDependencies : Invalid condition id : UX DEVICE CLASS RTOS Condition cause : null
2023-11-30 10:22:32,456 [WARN] PackLoader:238 - Cannot read IP mode file for STMicroelectronics.X-CUBE-NFC7.1.0.1
2023-11-30 10:22:32,464 [WARN] PackLoader:238 - Cannot read IP mode file for STMicroelectronics.X-CUBE-NFC6.3.0.0
2023-11-30 10:22:32,472 [WARN] PackLoader:238 - Cannot read IP mode file for STMicroelectronics.X-CUBE-EEPRMA1.4.1.0
2023-11-30 10:22:32,478 [WARN] PackLoader:238 - Cannot read IP mode file for STMicroelectronics.X-CUBE-AI.8.1.0
2023-11-30 10:22:32,493 [WARN] ConditionMgr:437 - getConditionDescription Invalid condition id : LAN8742 Phy interface Condition cause : null
2023-11-30 10:22:32,494 [WARN] PackLoader:238 - Cannot read IP mode file for STMicroelectronics.X-CUBE-AZRTOS-L4.2.0.0
2023-11-30 10:22:32,495 [WARN] ConditionMgr:1038 - genDependencies : Invalid condition id : LAN8742 Phy interface Condition cause : null
2023-11-30 10:22:32,495 [WARN] ConditionMgr:1038 - genDependencies : Invalid condition id : LAN8742 Phy interface Condition cause : null
2023-11-30 10:22:32,495 [WARN] ConditionMgr:1038 - genDependencies : Invalid condition id : LAN8742 Phy interface Condition cause : null
2023-11-30 10:22:32,500 [WARN] PackLoader:238 - Cannot read IP mode file for STMicroelectronics.X-CUBE-SFXS2LP1.4.0.0
2023-11-30 10:22:32,507 [WARN] PackLoader:238 - Cannot read IP mode file for STMicroelectronics.X-CUBE-ISPU.1.1.0
2023-11-30 10:22:32,518 [WARN] ConditionMgr:437 - getConditionDescription Invalid condition id : UX DEVICE CLASS RTOS Condition cause : null
2023-11-30 10:22:32,518 [WARN] ConditionMgr:437 - getConditionDescription Invalid condition id : UX DEVICE CLASS RTOS Condition cause : null
2023-11-30 10:22:32,520 [WARN] PackLoader:238 - Cannot read IP mode file for STMicroelectronics.X-CUBE-AZRTOS-WB.2.0.0
2023-11-30 10:22:32,520 [WARN] ConditionMgr:1038 - genDependencies : Invalid condition id : UX DEVICE CLASS RTOS Condition cause : null
2023-11-30 10:22:32,520 [WARN] ConditionMgr:1038 - genDependencies : Invalid condition id : UX DEVICE CLASS RTOS Condition cause : null
2023-11-30 10:22:32,521 [WARN] ConditionMgr:1038 - genDependencies : Invalid condition id : UX DEVICE CLASS RTOS Condition cause : null
2023-11-30 10:22:32,521 [WARN] ConditionMgr:1038 - genDependencies : Invalid condition id : UX DEVICE CLASS RTOS Condition cause : null
2023-11-30 10:22:32,521 [WARN] ConditionMgr:1038 - genDependencies : Invalid condition id : UX DEVICE CLASS RTOS Condition cause : null
2023-11-30 10:22:32,528 [WARN] PackLoader:238 - Cannot read IP mode file for STMicroelectronics.X-CUBE-SUBG2.5.0.0
2023-11-30 10:22:32,537 [ERROR] Engine:463 - C:\Users\Windows\.stm32cubemx\thirdparties\pdsc\STMicroelectronics.X-CUBE-TOF1.3.3.1.pdsc: PDSC version is not supported
2023-11-30 10:22:32,556 [WARN] PackLoader:238 - Cannot read IP mode file for STMicroelectronics.X-CUBE-AZRTOS-G4.2.0.0
2023-11-30 10:22:32,561 [ERROR] Engine:463 - C:\Users\Windows\.stm32cubemx\thirdparties\pdsc\Infineon.AIROC-Wi-Fi-Bluetooth-STM32.1.5.1.pdsc: PDSC version is not supported
2023-11-30 10:22:32,563 [ERROR] Engine:463 - C:\Users\Windows\.stm32cubemx\thirdparties\pdsc\STMicroelectronics.FP-SNS-MOTENVWB1.1.3.0.pdsc: PDSC version is not supported
2023-11-30 10:22:32,593 [WARN] PackLoader:238 - Cannot read IP mode file for STMicroelectronics.X-CUBE-MEMS1.10.0.0
2023-11-30 10:22:32,708 [ERROR] Engine:463 - C:\Users\Windows\.stm32cubemx\thirdparties\pdsc\STMicroelectronics.X-CUBE-FREERTOS.1.1.0.pdsc: PDSC version is not supported
2023-11-30 10:22:32,711 [WARN] PackLoader:238 - Cannot read IP mode file for portGmbH.I-Cube-SoM-uGOAL.1.1.0
2023-11-30 10:22:32,714 [WARN] PackLoader:238 - Cannot read IP mode file for STMicroelectronics.X-CUBE-ALS.1.0.1
2023-11-30 10:22:32,717 [WARN] PackLoader:238 - Cannot read IP mode file for STMicroelectronics.FP-ATR-ASTRA1.2.0.0
2023-11-30 10:22:32,721 [ERROR] Engine:463 - C:\Users\Windows\.stm32cubemx\thirdparties\pdsc\STMicroelectronics.X-CUBE-TOF1.3.4.0.pdsc: PDSC version is not supported
2023-11-30 10:22:32,721 [INFO] ThirdParty:915 - Integrity check success = true
2023-11-30 10:22:32,721 [INFO] IntegrityCheckThread:94 - exiting critical section [integrity check]
2023-11-30 10:22:32,721 [INFO] IntegrityCheckThread:97 - End integrity checks thread
2023-11-30 10:22:33,209 [INFO] Context:592 - Trying to add GPIOservice into a context  which must be forbidden
2023-11-30 10:22:33,349 [INFO] ImportTextPane:167 - (OptionalMessage_ERROR) Unable to find key (Mcu.ThirdPartyNb) in loaded IOC file
2023-11-30 10:22:33,350 [INFO] ImportTextPane:167 - (OptionalMessage_ERROR) Unable to find key (Mcu.PinsNb) in loaded IOC file
2023-11-30 10:22:33,350 [INFO] ImportTextPane:167 - (OptionalMessage_ERROR) Unable to find key (Mcu.IPNb) in loaded IOC file
2023-11-30 10:22:33,383 [WARN] ApiManager:304 - Cannot register API 'Board Extension:GNSS1A1' from pack STMicroelectronics.X-CUBE-GNSS1.6.0.0: no header file found
2023-11-30 10:22:33,383 [WARN] ApiManager:304 - Cannot register API 'Board Support:Custom' from pack STMicroelectronics.X-CUBE-GNSS1.6.0.0: no header file found
2023-11-30 10:22:33,383 [WARN] ApiManager:304 - Cannot register API 'Data Exchange:lib_gnss' from pack STMicroelectronics.X-CUBE-GNSS1.6.0.0: no header file found
2023-11-30 10:22:33,519 [WARN] ApiManager:304 - Cannot register API 'Board Extension:IKS01A3' from pack STMicroelectronics.X-CUBE-MEMS1.9.6.0: no header file found
2023-11-30 10:22:33,519 [WARN] ApiManager:304 - Cannot register API 'Board Extension:IKS01A2' from pack STMicroelectronics.X-CUBE-MEMS1.9.6.0: no header file found
2023-11-30 10:22:33,519 [WARN] ApiManager:304 - Cannot register API 'Board Extension:IKS02A1' from pack STMicroelectronics.X-CUBE-MEMS1.9.6.0: no header file found
2023-11-30 10:22:33,524 [WARN] ApiManager:304 - Cannot register API 'Board Extension:EEPRMA2' from pack STMicroelectronics.X-CUBE-EEPRMA1.4.2.0: no header file found
2023-11-30 10:22:33,524 [WARN] ApiManager:304 - Cannot register API 'Board Extension:PGEEZ1' from pack STMicroelectronics.X-CUBE-EEPRMA1.4.2.0: no header file found
2023-11-30 10:22:33,525 [WARN] ApiManager:304 - Cannot register API 'Board Part:M24' from pack STMicroelectronics.X-CUBE-EEPRMA1.4.2.0: no header file found
2023-11-30 10:22:33,525 [WARN] ApiManager:304 - Cannot register API 'Board Part:M95' from pack STMicroelectronics.X-CUBE-EEPRMA1.4.2.0: no header file found
2023-11-30 10:22:33,525 [WARN] ApiManager:304 - Cannot register API 'Board Part:M95P32' from pack STMicroelectronics.X-CUBE-EEPRMA1.4.2.0: no header file found
2023-11-30 10:22:33,525 [WARN] ApiManager:304 - Cannot register API 'PGEEZ1:SPI' from pack STMicroelectronics.X-CUBE-EEPRMA1.4.2.0: no header file found
2023-11-30 10:22:33,525 [WARN] ApiManager:304 - Cannot register API 'PGEEZ1:QDSPI' from pack STMicroelectronics.X-CUBE-EEPRMA1.4.2.0: no header file found
2023-11-30 10:22:33,526 [INFO] RtosManager:484 - Registered RTOS mode: class=CMSIS, group=RTOS, mode=CMSIS_V1, owner=FREERTOS
2023-11-30 10:22:33,526 [INFO] RtosManager:484 - Registered RTOS mode: class=CMSIS, group=RTOS2, mode=CMSIS_V2, owner=FREERTOS
2023-11-30 10:22:33,526 [INFO] RtosManager:484 - Registered RTOS mode: class=RTOS, group=Core, mode=CMSIS_V1, owner=FREERTOS
2023-11-30 10:22:33,526 [INFO] RtosManager:484 - Registered RTOS mode: class=RTOS, group=Core, mode=CMSIS_V2, owner=FREERTOS
2023-11-30 10:22:33,526 [WARN] ModelIntegratedComponent:181 - Missing modes for component STMicroelectronics:FreeRTOS:0.0.1:STMicroelectronics:RTOS:FreeRTOS:Core:::10.2.0:
2023-11-30 10:22:33,528 [WARN] ApiManager:304 - Cannot register API 'Board Extension:NFC04A1' from pack STMicroelectronics.X-CUBE-NFC4.3.0.0: no header file found
2023-11-30 10:22:33,530 [WARN] ApiManager:304 - Cannot register API 'Board Extension:S2868A1' from pack STMicroelectronics.X-CUBE-SUBG2.5.0.0: no header file found
2023-11-30 10:22:33,530 [WARN] ApiManager:304 - Cannot register API 'Board Extension:S2868A2' from pack STMicroelectronics.X-CUBE-SUBG2.5.0.0: no header file found
2023-11-30 10:22:33,530 [WARN] ApiManager:304 - Cannot register API 'Board Extension:S2915A1' from pack STMicroelectronics.X-CUBE-SUBG2.5.0.0: no header file found
2023-11-30 10:22:33,533 [WARN] ApiManager:304 - Cannot register API 'Wireless:BlueNRG-MS' from pack STMicroelectronics.X-CUBE-BLE1.7.0.0: no header file found
2023-11-30 10:22:33,534 [WARN] ModelIntegratedComponent:60 - No mode defined for component null
2023-11-30 10:22:33,534 [WARN] ModelIntegratedComponent:60 - No mode defined for component null
2023-11-30 10:22:33,534 [WARN] ModelIntegratedComponent:60 - No mode defined for component null
2023-11-30 10:22:33,534 [WARN] ModelIntegratedComponent:60 - No mode defined for component null
2023-11-30 10:22:33,534 [WARN] ModelIntegratedComponent:60 - No mode defined for component null
2023-11-30 10:22:33,534 [WARN] ModelIntegratedComponent:60 - No mode defined for component null
2023-11-30 10:22:33,534 [WARN] ModelIntegratedComponent:60 - No mode defined for component null
2023-11-30 10:22:33,534 [WARN] ModelIntegratedComponent:60 - No mode defined for component null
2023-11-30 10:22:33,534 [WARN] ModelIntegratedComponent:60 - No mode defined for component null
2023-11-30 10:22:33,535 [WARN] ModelIntegratedComponent:60 - No mode defined for component null
2023-11-30 10:22:33,535 [WARN] ModelIntegratedComponent:60 - No mode defined for component null
2023-11-30 10:22:33,535 [WARN] ModelIntegratedComponent:60 - No mode defined for component null
2023-11-30 10:22:33,535 [WARN] ModelIntegratedComponent:60 - No mode defined for component null
2023-11-30 10:22:33,535 [WARN] ModelIntegratedComponent:60 - No mode defined for component null
2023-11-30 10:22:33,535 [WARN] ModelIntegratedComponent:60 - No mode defined for component null
2023-11-30 10:22:33,535 [WARN] ModelIntegratedComponent:60 - No mode defined for component null
2023-11-30 10:22:33,535 [WARN] ModelIntegratedComponent:60 - No mode defined for component null
2023-11-30 10:22:33,535 [WARN] ModelIntegratedComponent:60 - No mode defined for component null
2023-11-30 10:22:33,535 [WARN] ModelIntegratedComponent:60 - No mode defined for component null
2023-11-30 10:22:33,535 [WARN] ModelIntegratedComponent:60 - No mode defined for component null
2023-11-30 10:22:33,535 [WARN] ModelIntegratedComponent:60 - No mode defined for component null
2023-11-30 10:22:33,535 [WARN] ModelIntegratedComponent:60 - No mode defined for component null
2023-11-30 10:22:33,535 [WARN] ModelIntegratedComponent:60 - No mode defined for component null
2023-11-30 10:22:33,535 [WARN] ModelIntegratedComponent:60 - No mode defined for component null
2023-11-30 10:22:33,535 [WARN] ModelIntegratedComponent:60 - No mode defined for component null
2023-11-30 10:22:33,535 [WARN] ModelIntegratedComponent:60 - No mode defined for component null
2023-11-30 10:22:33,535 [WARN] ModelIntegratedComponent:60 - No mode defined for component null
2023-11-30 10:22:33,535 [WARN] ModelIntegratedComponent:60 - No mode defined for component null
2023-11-30 10:22:33,535 [WARN] ModelIntegratedComponent:60 - No mode defined for component null
2023-11-30 10:22:33,535 [WARN] ModelIntegratedComponent:60 - No mode defined for component null
2023-11-30 10:22:33,535 [WARN] ModelIntegratedComponent:60 - No mode defined for component null
2023-11-30 10:22:33,655 [WARN] ApiManager:304 - Cannot register API 'Board Extension:IKS01A3' from pack STMicroelectronics.X-CUBE-MEMS1.10.0.0: no header file found
2023-11-30 10:22:33,655 [WARN] ApiManager:304 - Cannot register API 'Board Extension:IKS02A1' from pack STMicroelectronics.X-CUBE-MEMS1.10.0.0: no header file found
2023-11-30 10:22:33,655 [WARN] ApiManager:304 - Cannot register API 'Board Extension:IKS4A1' from pack STMicroelectronics.X-CUBE-MEMS1.10.0.0: no header file found
2023-11-30 10:22:33,660 [WARN] ApiManager:304 - Cannot register API 'Board Extension:NFC07A1' from pack STMicroelectronics.X-CUBE-NFC7.1.0.1: no header file found
2023-11-30 10:22:33,661 [WARN] ApiManager:304 - Cannot register API 'Board Extension:NFC06A1' from pack STMicroelectronics.X-CUBE-NFC6.3.0.0: no header file found
2023-11-30 10:22:33,661 [WARN] ApiManager:304 - Cannot register API 'Board Extension:NFC08A1' from pack STMicroelectronics.X-CUBE-NFC6.3.0.0: no header file found
2023-11-30 10:22:33,661 [WARN] ApiManager:304 - Cannot register API 'Board Extension:EEPRMA1' from pack STMicroelectronics.X-CUBE-EEPRMA1.4.1.0: no header file found
2023-11-30 10:22:33,661 [WARN] ApiManager:304 - Cannot register API 'Board Extension:EEPRMA2' from pack STMicroelectronics.X-CUBE-EEPRMA1.4.1.0: no header file found
2023-11-30 10:22:33,661 [WARN] ApiManager:304 - Cannot register API 'Board Extension:PGEEZ1' from pack STMicroelectronics.X-CUBE-EEPRMA1.4.1.0: no header file found
2023-11-30 10:22:33,661 [WARN] ApiManager:304 - Cannot register API 'Board Part:M24' from pack STMicroelectronics.X-CUBE-EEPRMA1.4.1.0: no header file found
2023-11-30 10:22:33,661 [WARN] ApiManager:304 - Cannot register API 'Board Part:M95' from pack STMicroelectronics.X-CUBE-EEPRMA1.4.1.0: no header file found
2023-11-30 10:22:33,662 [WARN] ApiManager:304 - Cannot register API 'Board Part:M95P32' from pack STMicroelectronics.X-CUBE-EEPRMA1.4.1.0: no header file found
2023-11-30 10:22:33,662 [WARN] ApiManager:304 - Cannot register API 'PGEEZ1:SPI' from pack STMicroelectronics.X-CUBE-EEPRMA1.4.1.0: no header file found
2023-11-30 10:22:33,662 [WARN] ApiManager:304 - Cannot register API 'PGEEZ1:QDSPI' from pack STMicroelectronics.X-CUBE-EEPRMA1.4.1.0: no header file found
2023-11-30 10:22:33,668 [WARN] ApiManager:304 - Cannot register API 'Board Extension:S2868A1' from pack STMicroelectronics.X-CUBE-SFXS2LP1.4.0.0: no header file found
2023-11-30 10:22:33,668 [WARN] ApiManager:304 - Cannot register API 'Board Extension:S2868A2' from pack STMicroelectronics.X-CUBE-SFXS2LP1.4.0.0: no header file found
2023-11-30 10:22:33,668 [WARN] ApiManager:304 - Cannot register API 'Board Extension:S2915A1' from pack STMicroelectronics.X-CUBE-SFXS2LP1.4.0.0: no header file found
2023-11-30 10:22:33,668 [WARN] ApiManager:304 - Cannot register API 'Wireless:BlueNRG-2' from pack STMicroelectronics.X-CUBE-BLE2.3.3.0: no header file found
2023-11-30 10:22:35,680 [INFO] UtilMem:74 - End LoadConfig() Used Memory: 757246360 Bytes (881852416)
2023-11-30 10:22:35,682 [WARN] ThirdParty:779 - waiting for thirdparty lock release [change project]
2023-11-30 10:22:35,682 [INFO] ThirdParty:781 - entering critical section [change project]
2023-11-30 10:22:35,682 [INFO] ThirdParty:967 - CMSIS Pack Vendor :STMicroelectronics X-CUBE-ISPU 1.1.0
2023-11-30 10:22:35,682 [INFO] ThirdParty:967 - CMSIS Pack Vendor :STMicroelectronics X-CUBE-GNSS1 6.0.0
2023-11-30 10:22:35,682 [INFO] ThirdParty:967 - CMSIS Pack Vendor :STMicroelectronics USB_HOST 2.0.0
2023-11-30 10:22:35,682 [INFO] ThirdParty:967 - CMSIS Pack Vendor :STMicroelectronics X-CUBE-AZRTOS-F4 1.1.0
2023-11-30 10:22:35,682 [INFO] ThirdParty:967 - CMSIS Pack Vendor :wolfSSL I-CUBE-wolfSSL 5.6.3
2023-11-30 10:22:35,682 [INFO] ThirdParty:967 - CMSIS Pack Vendor :STMicroelectronics USB_DEVICE 3.0.0
2023-11-30 10:22:35,682 [INFO] ThirdParty:967 - CMSIS Pack Vendor :STMicroelectronics X-CUBE-AZRTOS-WB 2.0.0
2023-11-30 10:22:35,682 [INFO] ThirdParty:967 - CMSIS Pack Vendor :STMicroelectronics X-CUBE-AZRTOS-F7 1.1.0
2023-11-30 10:22:35,682 [INFO] ThirdParty:967 - CMSIS Pack Vendor :STMicroelectronics X-CUBE-AZRTOS-L5 2.0.0
2023-11-30 10:22:35,682 [INFO] ThirdParty:967 - CMSIS Pack Vendor :STMicroelectronics USB_DEVICE 2.0.0
2023-11-30 10:22:35,682 [INFO] ThirdParty:967 - CMSIS Pack Vendor :STMicroelectronics X-CUBE-MEMS1 9.6.0
2023-11-30 10:22:35,683 [INFO] ThirdParty:967 - CMSIS Pack Vendor :STMicroelectronics X-CUBE-EEPRMA1 4.2.0
2023-11-30 10:22:35,683 [INFO] ThirdParty:967 - CMSIS Pack Vendor :STMicroelectronics X-CUBE-ALGOBUILD 1.3.0
2023-11-30 10:22:35,683 [INFO] ThirdParty:967 - CMSIS Pack Vendor :STMicroelectronics FreeRTOS 0.0.1
2023-11-30 10:22:35,683 [INFO] ThirdParty:967 - CMSIS Pack Vendor :STMicroelectronics X-CUBE-AZRTOS-G0 1.1.0
2023-11-30 10:22:35,683 [INFO] ThirdParty:967 - CMSIS Pack Vendor :STMicroelectronics X-CUBE-BLEMGR 2.0.0
2023-11-30 10:22:35,683 [INFO] ThirdParty:967 - CMSIS Pack Vendor :STMicroelectronics X-CUBE-NFC4 3.0.0
2023-11-30 10:22:35,683 [INFO] ThirdParty:967 - CMSIS Pack Vendor :STMicroelectronics X-CUBE-SUBG2 5.0.0
2023-11-30 10:22:35,683 [INFO] ThirdParty:967 - CMSIS Pack Vendor :STMicroelectronics lwIP 2.0.3
2023-11-30 10:22:35,683 [INFO] ThirdParty:967 - CMSIS Pack Vendor :STMicroelectronics USB_HOST 1.0.0
2023-11-30 10:22:35,683 [INFO] ThirdParty:967 - CMSIS Pack Vendor :STMicroelectronics X-CUBE-AZRTOS-G4 2.0.0
2023-11-30 10:22:35,683 [INFO] ThirdParty:967 - CMSIS Pack Vendor :STMicroelectronics PDM2PCM 3.1.0
2023-11-30 10:22:35,683 [INFO] ThirdParty:967 - CMSIS Pack Vendor :STMicroelectronics X-CUBE-AZRTOS-H7 3.1.0
2023-11-30 10:22:35,683 [INFO] ThirdParty:967 - CMSIS Pack Vendor :STMicroelectronics PDM2PCM 3.3.0
2023-11-30 10:22:35,683 [INFO] ThirdParty:967 - CMSIS Pack Vendor :STMicroelectronics X-CUBE-BLE1 7.0.0
2023-11-30 10:22:35,683 [INFO] ThirdParty:967 - CMSIS Pack Vendor :STMicroelectronics FP-ATR-SIGFOX1 3.2.0
2023-11-30 10:22:35,683 [INFO] ThirdParty:967 - CMSIS Pack Vendor :STMicroelectronics HAL Drivers 0.0.0
2023-11-30 10:22:35,683 [INFO] ThirdParty:967 - CMSIS Pack Vendor :STMicroelectronics MBEDTLS 2.16.2
2023-11-30 10:22:35,683 [INFO] ThirdParty:967 - CMSIS Pack Vendor :STMicroelectronics X-CUBE-MEMS1 10.0.0
2023-11-30 10:22:35,683 [INFO] ThirdParty:967 - CMSIS Pack Vendor :STMicroelectronics X-CUBE-TOUCHGFX 4.22.0
2023-11-30 10:22:35,683 [INFO] ThirdParty:967 - CMSIS Pack Vendor :STMicroelectronics X-CUBE-NFC7 1.0.1
2023-11-30 10:22:35,683 [INFO] ThirdParty:967 - CMSIS Pack Vendor :STMicroelectronics MBEDTLS 2.14.1
2023-11-30 10:22:35,683 [INFO] ThirdParty:967 - CMSIS Pack Vendor :STMicroelectronics X-CUBE-TOUCHGFX 4.22.1
2023-11-30 10:22:35,683 [INFO] ThirdParty:967 - CMSIS Pack Vendor :STMicroelectronics X-CUBE-NFC6 3.0.0
2023-11-30 10:22:35,683 [INFO] ThirdParty:967 - CMSIS Pack Vendor :STMicroelectronics X-CUBE-EEPRMA1 4.1.0
2023-11-30 10:22:35,683 [INFO] ThirdParty:967 - CMSIS Pack Vendor :portGmbH I-Cube-SoM-uGOAL 1.1.0
2023-11-30 10:22:35,683 [INFO] ThirdParty:967 - CMSIS Pack Vendor :STMicroelectronics X-CUBE-ALS 1.0.1
2023-11-30 10:22:35,683 [INFO] ThirdParty:967 - CMSIS Pack Vendor :STMicroelectronics X-CUBE-AZRTOS-WL 2.0.0
2023-11-30 10:22:35,683 [INFO] ThirdParty:967 - CMSIS Pack Vendor :SEGGER I-CUBE-embOS 1.3.1
2023-11-30 10:22:35,683 [INFO] ThirdParty:967 - CMSIS Pack Vendor :STMicroelectronics USB_DEVICE 1.0.0
2023-11-30 10:22:35,684 [INFO] ThirdParty:967 - CMSIS Pack Vendor :STMicroelectronics X-CUBE-AI 8.1.0
2023-11-30 10:22:35,684 [INFO] ThirdParty:967 - CMSIS Pack Vendor :STMicroelectronics X-CUBE-AZRTOS-L4 2.0.0
2023-11-30 10:22:35,684 [INFO] ThirdParty:967 - CMSIS Pack Vendor :STMicroelectronics ThreadX 0.0.2
2023-11-30 10:22:35,684 [INFO] ThirdParty:967 - CMSIS Pack Vendor :WES I-CUBE-Cesium 1.3.0
2023-11-30 10:22:35,684 [INFO] ThirdParty:967 - CMSIS Pack Vendor :STMicroelectronics FP-ATR-ASTRA1 2.0.0
2023-11-30 10:22:35,684 [INFO] ThirdParty:967 - CMSIS Pack Vendor :STMicroelectronics lwIP 2.1.2
2023-11-30 10:22:35,684 [INFO] ThirdParty:967 - CMSIS Pack Vendor :STMicroelectronics X-CUBE-SFXS2LP1 4.0.0
2023-11-30 10:22:35,684 [INFO] ThirdParty:967 - CMSIS Pack Vendor :STMicroelectronics X-CUBE-BLE2 3.3.0
2023-11-30 10:22:35,684 [INFO] ThirdParty:967 - CMSIS Pack Vendor :STMicroelectronics PDM2PCM 3.2.0
2023-11-30 10:22:35,684 [INFO] ThirdParty:787 - exiting critical section [change project]
2023-11-30 10:22:35,850 [INFO] PinOutPanel:1463 - setPackage(No Configuration,No Configuration)
2023-11-30 10:22:35,851 [INFO] PinOutPanel:1463 - setPackage(STM32F103C6Ux,UFQFPN48)
2023-11-30 10:22:36,102 [INFO] UtilMem:74 - Before build in PCC Used Memory: 747037224 Bytes (881852416)
2023-11-30 10:22:36,487 [INFO] UtilMem:74 - After build in PCC Used Memory: 778800128 Bytes (881852416)
2023-11-30 10:22:36,509 [INFO] IPUIPlugin:74 - create IPUIPlugin
2023-11-30 10:22:36,510 [INFO] IPUIPlugin:74 - create IPUIPlugin
2023-11-30 10:22:36,510 [INFO] IPUIPlugin:74 - create IPUIPlugin
2023-11-30 10:22:36,510 [INFO] IPUIPlugin:74 - create IPUIPlugin
2023-11-30 10:22:36,510 [INFO] IPUIPlugin:74 - create IPUIPlugin
2023-11-30 10:22:36,510 [INFO] IPUIPlugin:74 - create IPUIPlugin
2023-11-30 10:22:36,510 [INFO] IPUIPlugin:74 - create IPUIPlugin
2023-11-30 10:22:36,510 [INFO] IPUIPlugin:74 - create IPUIPlugin
2023-11-30 10:22:36,510 [INFO] IPUIPlugin:74 - create IPUIPlugin
2023-11-30 10:22:36,511 [INFO] IPUIPlugin:74 - create IPUIPlugin
2023-11-30 10:22:36,511 [INFO] IPUIPlugin:74 - create IPUIPlugin
2023-11-30 10:22:36,511 [INFO] IPUIPlugin:74 - create IPUIPlugin
2023-11-30 10:22:36,511 [INFO] IPUIPlugin:74 - create IPUIPlugin
2023-11-30 10:22:36,511 [INFO] IPUIPlugin:74 - create IPUIPlugin
2023-11-30 10:22:36,511 [INFO] IPUIPlugin:74 - create IPUIPlugin
2023-11-30 10:22:36,512 [INFO] IPUIPlugin:74 - create IPUIPlugin
2023-11-30 10:22:36,512 [INFO] IPUIPlugin:74 - create IPUIPlugin
2023-11-30 10:22:36,512 [INFO] IPUIPlugin:74 - create IPUIPlugin
2023-11-30 10:22:36,512 [INFO] IPUIPlugin:74 - create IPUIPlugin
2023-11-30 10:22:36,512 [INFO] IPUIPlugin:74 - create IPUIPlugin
2023-11-30 10:22:36,513 [INFO] IPUIPlugin:74 - create IPUIPlugin
2023-11-30 10:22:36,513 [INFO] IPUIPlugin:74 - create IPUIPlugin
2023-11-30 10:22:36,513 [INFO] IPUIPlugin:74 - create IPUIPlugin
2023-11-30 10:22:36,605 [INFO] OpenFileManager:333 - Restore cursor
2023-11-30 10:22:36,787 [INFO] UtilMem:74 - End SaveConfig() Used Memory: 761208536 Bytes (881852416)
2023-11-30 10:22:36,826 [INFO] UtilMem:74 - End SaveConfig() Used Memory: 774353920 Bytes (881852416)
2023-11-30 10:22:37,048 [INFO] BlockDiagram:2740 - set Specific Code input for plugin: NVIC
2023-11-30 10:22:37,048 [INFO] BlockDiagram:2740 - set Specific Code input for plugin: SYS
2023-11-30 10:22:37,048 [INFO] BlockDiagram:2740 - set Specific Code input for plugin: RCC
2023-11-30 10:22:37,048 [INFO] CodeGenerator:663 - code generatio: config db path: C:\ST\STM32CubeIDE_1.7.0\STM32CubeIDE\plugins\com.st.stm32cube.common.mx_6.3.0.202107141111\\db\
2023-11-30 10:22:37,261 [INFO] CodeEngine:239 - oldGeneratedFile, D:\Desktop\lab_vxl\lab5\ex\MXTmpFiles\license.tmp_save
2023-11-30 10:22:37,492 [INFO] CodeEngine:257 - Generated code: D:\Desktop\lab_vxl\lab5\ex\MXTmpFiles\license.tmp
2023-11-30 10:22:37,580 [INFO] CodeEngine:239 - oldGeneratedFile, D:\Desktop\lab_vxl\lab5\ex\Core\Src\stm32f1xx_it.c_save
2023-11-30 10:22:37,682 [INFO] CodeEngine:257 - Generated code: D:\Desktop\lab_vxl\lab5\ex\Core\Src\stm32f1xx_it.c
2023-11-30 10:22:37,683 [INFO] CodeEngine:239 - oldGeneratedFile, D:\Desktop\lab_vxl\lab5\ex\Core\Inc\stm32f1xx_it.h_save
2023-11-30 10:22:37,741 [INFO] CodeEngine:257 - Generated code: D:\Desktop\lab_vxl\lab5\ex\Core\Inc\stm32f1xx_it.h
2023-11-30 10:22:37,747 [INFO] CodeEngine:239 - oldGeneratedFile, D:\Desktop\lab_vxl\lab5\ex\Core\Src\stm32f1xx_hal_msp.c_save
2023-11-30 10:22:37,852 [INFO] CodeEngine:257 - Generated code: D:\Desktop\lab_vxl\lab5\ex\Core\Src\stm32f1xx_hal_msp.c
2023-11-30 10:22:37,854 [INFO] CodeEngine:239 - oldGeneratedFile, D:\Desktop\lab_vxl\lab5\ex\MXTmpFiles\system.tmp_save
2023-11-30 10:22:37,914 [INFO] CodeEngine:257 - Generated code: D:\Desktop\lab_vxl\lab5\ex\MXTmpFiles\system.tmp
2023-11-30 10:22:37,919 [INFO] CodeEngine:239 - oldGeneratedFile, D:\Desktop\lab_vxl\lab5\ex\Core\Inc\stm32f1xx_hal_conf.h_save
2023-11-30 10:22:37,982 [INFO] CodeEngine:257 - Generated code: D:\Desktop\lab_vxl\lab5\ex\Core\Inc\stm32f1xx_hal_conf.h
2023-11-30 10:22:38,011 [INFO] CodeEngine:239 - oldGeneratedFile, D:\Desktop\lab_vxl\lab5\ex\Core\Inc\main.h_save
2023-11-30 10:22:38,074 [INFO] CodeEngine:257 - Generated code: D:\Desktop\lab_vxl\lab5\ex\Core\Inc\main.h
2023-11-30 10:22:38,076 [INFO] CodeEngine:239 - oldGeneratedFile, D:\Desktop\lab_vxl\lab5\ex\Core\Src\main.c_save
2023-11-30 10:22:38,186 [INFO] CodeEngine:257 - Generated code: D:\Desktop\lab_vxl\lab5\ex\Core\Src\main.c
2023-11-30 10:22:38,833 [INFO] ProjectBuilder:2578 - Time for Copy HAL[1] : 33mS.
2023-11-30 10:22:38,836 [INFO] ProjectBuilder:3622 - Project Generator version: 3.14.1
2023-11-30 10:22:39,118 [INFO] ConfigFileManager:1271 - The Die is : DIE412
2023-11-30 10:22:39,128 [INFO] ApiDbMcu:468 - Load IP Config File for FATFS
2023-11-30 10:22:39,169 [INFO] ApiDbMcu:468 - Load IP Config File for FREERTOS
2023-11-30 10:22:39,182 [INFO] ApiDbMcu:468 - Load IP Config File for USB_DEVICE
2023-11-30 10:22:42,121 [INFO] ProjectBuilder:3789 - Time for Generating toolchain IDE Files: 3285mS.
2023-11-30 10:22:42,122 [INFO] ProjectBuilder:2457 - Time for Copy CMSIS : 0mS.
2023-11-30 10:22:42,123 [INFO] ProjectBuilder:2457 - Time for Copy CMSIS : 0mS.
2023-11-30 10:22:42,747 [INFO] McuFinderGlobals:52 - Set McuFinderConnectedMode to true
2023-11-30 10:22:42,748 [INFO] ApiDb:276 - Save user favorites file C:\Users\Windows/.stm32cubeide/favorites.mcus.txt: 0 item(s)
2023-11-30 10:22:42,749 [INFO] ApiDb:280 - User favorites MCUs=[]
2023-11-30 10:25:41,632 [INFO] NvicIntPanel:96 - NVIC parent = com.st.microxplorer.plugins.ip.nvic.MultiNvicIntPanel[,0,0,0x0,invalid,layout=javax.swing.BoxLayout,alignmentX=0.0,alignmentY=0.0,border=,flags=9,maximumSize=,minimumSize=,preferredSize=]
2023-11-30 10:25:43,912 [INFO] NvicIntPanel:96 - NVIC parent = com.st.microxplorer.plugins.ip.nvic.MultiNvicIntPanel[,0,0,0x0,invalid,layout=javax.swing.BoxLayout,alignmentX=0.0,alignmentY=0.0,border=,flags=9,maximumSize=,minimumSize=,preferredSize=]
2023-11-30 10:27:00,592 [INFO] NvicIntPanel:96 - NVIC parent = com.st.microxplorer.plugins.ip.nvic.MultiNvicIntPanel[,0,0,0x0,invalid,layout=javax.swing.BoxLayout,alignmentX=0.0,alignmentY=0.0,border=,flags=9,maximumSize=,minimumSize=,preferredSize=]
2023-11-30 10:27:07,391 [INFO] NvicIntPanel:96 - NVIC parent = com.st.microxplorer.plugins.ip.nvic.MultiNvicIntPanel[,0,0,0x0,invalid,layout=javax.swing.BoxLayout,alignmentX=0.0,alignmentY=0.0,border=,flags=9,maximumSize=,minimumSize=,preferredSize=]
2023-11-30 10:27:30,757 [INFO] ADCParametersView:103 -                Rank 1 : false
2023-11-30 10:28:17,574 [INFO] ADCParametersView:103 -                Rank 1 : false
2023-11-30 10:28:17,580 [INFO] ADCParametersView:103 -                Rank 1 : false
2023-11-30 10:28:17,580 [INFO] ADCParametersView:103 -                Rank 1 : false
2023-11-30 10:28:17,580 [INFO] ADCParametersView:103 -                Rank 1 : false
2023-11-30 10:28:17,580 [INFO] ADCParametersView:103 -                Rank 1 : false
2023-11-30 10:28:17,580 [INFO] ADCParametersView:103 -                Rank 1 : false
2023-11-30 10:28:17,580 [INFO] ADCParametersView:103 -                Rank 1 : false
2023-11-30 10:28:17,581 [INFO] ADCParametersView:103 -                Rank 1 : false
2023-11-30 10:28:17,581 [INFO] ADCParametersView:103 -                Rank 1 : false
2023-11-30 10:28:17,581 [INFO] ADCParametersView:103 -                Rank 1 : false
2023-11-30 10:28:17,586 [INFO] ADCParametersView:103 -                Rank 1 : false
2023-11-30 10:28:17,614 [INFO] ADCParametersView:103 -                Rank 1 : false
2023-11-30 10:28:17,615 [INFO] ADCParametersView:103 -                Rank 1 : false
2023-11-30 10:28:17,615 [INFO] ADCParametersView:103 -                Rank 1 : false
2023-11-30 10:28:17,615 [INFO] ADCParametersView:103 -                Rank 1 : false
2023-11-30 10:28:17,615 [INFO] ADCParametersView:103 -                Rank 1 : false
2023-11-30 10:28:17,616 [INFO] ADCParametersView:103 -                Rank 1 : false
2023-11-30 10:28:17,616 [INFO] ADCParametersView:103 -                Rank 1 : false
2023-11-30 10:28:17,616 [INFO] ADCParametersView:103 -                Rank 1 : false
2023-11-30 10:28:17,616 [INFO] ADCParametersView:103 -                Rank 1 : false
2023-11-30 10:28:17,616 [INFO] ADCParametersView:103 -                Rank 1 : false
2023-11-30 10:28:17,621 [INFO] ADCParametersView:103 -                Rank 1 : false
2023-11-30 11:14:10,939 [INFO] UtilMem:74 - End SaveConfig() Used Memory: 824514352 Bytes (1073741824)
2023-11-30 11:14:11,771 [INFO] UtilMem:74 - End SaveConfig() Used Memory: 838083656 Bytes (1073741824)
2023-11-30 11:14:11,846 [INFO] UtilMem:74 - End SaveConfig() Used Memory: 853285960 Bytes (1073741824)
2023-11-30 11:14:12,061 [INFO] BlockDiagram:2740 - set Specific Code input for plugin: NVIC
2023-11-30 11:14:12,061 [INFO] BlockDiagram:2740 - set Specific Code input for plugin: SYS
2023-11-30 11:14:12,061 [INFO] BlockDiagram:2740 - set Specific Code input for plugin: GPIO
2023-11-30 11:14:12,061 [INFO] BlockDiagram:2740 - set Specific Code input for plugin: ADC
2023-11-30 11:14:12,061 [INFO] BlockDiagram:2740 - set Specific Code input for plugin: USART
2023-11-30 11:14:12,061 [INFO] BlockDiagram:2740 - set Specific Code input for plugin: RCC
2023-11-30 11:14:12,061 [INFO] BlockDiagram:2740 - set Specific Code input for plugin: TIM1_8F1
2023-11-30 11:14:12,062 [INFO] CodeGenerator:663 - code generatio: config db path: C:\ST\STM32CubeIDE_1.7.0\STM32CubeIDE\plugins\com.st.stm32cube.common.mx_6.3.0.202107141111\\db\
2023-11-30 11:14:12,253 [INFO] CodeEngine:239 - oldGeneratedFile, D:\Desktop\lab_vxl\lab5\ex\MXTmpFiles\license.tmp_save
2023-11-30 11:14:12,306 [INFO] CodeEngine:257 - Generated code: D:\Desktop\lab_vxl\lab5\ex\MXTmpFiles\license.tmp
2023-11-30 11:14:12,340 [INFO] CodeEngine:239 - oldGeneratedFile, D:\Desktop\lab_vxl\lab5\ex\MXTmpFiles\gpio.tmp_save
2023-11-30 11:14:12,426 [INFO] CodeEngine:257 - Generated code: D:\Desktop\lab_vxl\lab5\ex\MXTmpFiles\gpio.tmp
2023-11-30 11:14:12,575 [INFO] CodeEngine:239 - oldGeneratedFile, D:\Desktop\lab_vxl\lab5\ex\Core\Src\stm32f1xx_it.c_save
2023-11-30 11:14:12,669 [INFO] CodeEngine:257 - Generated code: D:\Desktop\lab_vxl\lab5\ex\Core\Src\stm32f1xx_it.c
2023-11-30 11:14:12,677 [INFO] CodeEngine:239 - oldGeneratedFile, D:\Desktop\lab_vxl\lab5\ex\Core\Inc\stm32f1xx_it.h_save
2023-11-30 11:14:12,754 [INFO] CodeEngine:257 - Generated code: D:\Desktop\lab_vxl\lab5\ex\Core\Inc\stm32f1xx_it.h
2023-11-30 11:14:12,766 [INFO] CodeEngine:239 - oldGeneratedFile, D:\Desktop\lab_vxl\lab5\ex\Core\Src\stm32f1xx_hal_msp.c_save
2023-11-30 11:14:12,873 [INFO] CodeEngine:257 - Generated code: D:\Desktop\lab_vxl\lab5\ex\Core\Src\stm32f1xx_hal_msp.c
2023-11-30 11:14:12,875 [INFO] CodeEngine:239 - oldGeneratedFile, D:\Desktop\lab_vxl\lab5\ex\MXTmpFiles\system.tmp_save
2023-11-30 11:14:12,918 [INFO] CodeEngine:257 - Generated code: D:\Desktop\lab_vxl\lab5\ex\MXTmpFiles\system.tmp
2023-11-30 11:14:12,932 [INFO] CodeEngine:239 - oldGeneratedFile, D:\Desktop\lab_vxl\lab5\ex\Core\Inc\stm32f1xx_hal_conf.h_save
2023-11-30 11:14:12,997 [INFO] CodeEngine:257 - Generated code: D:\Desktop\lab_vxl\lab5\ex\Core\Inc\stm32f1xx_hal_conf.h
2023-11-30 11:14:13,010 [WARN] IPConfigManager:3148 - IP not found : TIM
2023-11-30 11:14:13,010 [WARN] CodeGenerator:3268 - IP not found : null
2023-11-30 11:14:13,021 [INFO] CodeEngine:239 - oldGeneratedFile, D:\Desktop\lab_vxl\lab5\ex\Core\Inc\main.h_save
2023-11-30 11:14:13,075 [INFO] CodeEngine:257 - Generated code: D:\Desktop\lab_vxl\lab5\ex\Core\Inc\main.h
2023-11-30 11:14:13,083 [INFO] CodeEngine:239 - oldGeneratedFile, D:\Desktop\lab_vxl\lab5\ex\Core\Src\main.c_save
2023-11-30 11:14:13,206 [INFO] CodeEngine:257 - Generated code: D:\Desktop\lab_vxl\lab5\ex\Core\Src\main.c
2023-11-30 11:14:13,813 [INFO] ProjectBuilder:2578 - Time for Copy HAL[1] : 41mS.
2023-11-30 11:14:13,815 [INFO] ProjectBuilder:3622 - Project Generator version: 3.14.1
2023-11-30 11:14:14,106 [INFO] ConfigFileManager:1271 - The Die is : DIE412
2023-11-30 11:14:15,493 [INFO] ProjectBuilder:3789 - Time for Generating toolchain IDE Files: 1678mS.
2023-11-30 11:14:15,493 [INFO] ProjectBuilder:2457 - Time for Copy CMSIS : 0mS.
2023-11-30 11:14:15,494 [INFO] ProjectBuilder:2457 - Time for Copy CMSIS : 0mS.
